2025-09-30 09:17:07 IST - logging_setup - INFO - Application starting - Logging to logs\2025-09-30_chartink_app.log (Mode: DEBUG)
2025-09-30 09:17:08 IST - logging_setup - INFO - ✅ Loaded 16894 symbol mappings from NSE_symbols.txt
2025-09-30 09:17:08 IST - logging_setup - DEBUG - Created positions file: app/2025-09-30_chartink_position_book.csv
2025-09-30 09:17:08 IST - logging_setup - ERROR - 🚨 Alert worker thread died! Restarting...
2025-09-30 09:17:08 IST - logging_setup - INFO - 🚀 Initializing Chartink Webhook System...
2025-09-30 09:17:08 IST - NorenRestApiPy.NorenApi - DEBUG - https://api.shoonya.com/NorenWClientTP//QuickAuth
2025-09-30 09:17:08 IST - NorenRestApiPy.NorenApi - DEBUG - Req:jData={"source": "API", "apkversion": "1.0.0", "uid": "FA123166", "pwd": "508d42eb2263c0a1df426bfaf9b43b1d090838b7e02ee17c11ffbe200457a781", "factor2": "895308", "vc": "FA123166_U", "appkey": "d26860ee49570c9d61e90b3611a4e7a43831ca236a7ceb5d359792398f5b3304", "imei": "abc1234"}
2025-09-30 09:17:08 IST - logging_setup - INFO - 🚀 Alert worker thread started and running
2025-09-30 09:17:08 IST - logging_setup - INFO - 🔄 Alert worker thread restarted
2025-09-30 09:17:08 IST - urllib3.connectionpool - DEBUG - Starting new HTTPS connection (1): api.shoonya.com:443
2025-09-30 09:17:09 IST - urllib3.connectionpool - DEBUG - https://api.shoonya.com:443 "POST /NorenWClientTP//QuickAuth HTTP/1.1" 200 2132
2025-09-30 09:17:09 IST - NorenRestApiPy.NorenApi - DEBUG - Reply:{"request_time":"09:17:07 30-09-2025","actid":"FA123166","access_type":["WEB","TT","MOB","API"],"uname":"SUCHISMITA  PRADHAN","prarr":[{"prd":"C","s_prdt_ali":"CNC","exch":["NSE","BSE","NIPO","BSTAR"]},{"prd":"M","s_prdt_ali":"NRML","exch":["NFO","BFO","CDS","BCD"]},{"prd":"I","s_prdt_ali":"MIS","exch":["NSE","BSE","NFO","BFO","CDS","BCD"]},{"prd":"H","s_prdt_ali":"CO","exch":["NSE","NFO","CDS","BSE"]},{"prd":"B","s_prdt_ali":"BO","exch":["NSE","NFO","CDS","BSE"]}],"exch_prd":[{"exch":"NSE","prds":["C","I","H","B"]},{"exch":"NIPO","prds":["C"]},{"exch":"NFO","prds":["M","I","H","B"]},{"exch":"CDS","prds":["M","I","H","B"]},{"exch":"BSE","prds":["C","I","H","B"]},{"exch":"BCD","prds":["M","I"]},{"exch":"BSTAR","prds":["C"]},{"exch":"BFO","prds":["M","I"]}],"stat":"Ok","susertoken":"440edb3c2f3f6ff2b05a6203861757acd01ae59db56cd817b8383e3c8dfec822","susertokenspl":"68ef9c0ede1f86b875f83f348737fd0f7204713f823208bc0722de4fdeee8c2c","email":"mailamiya@gmail.com","uid":"FA123166","brnchid":"HO","totp_set":"1","m_num":"7972222833","orarr":["MKT","LMT","SL-LMT","SL-MKT"],"exarr":["NSE","NIPO","NFO","CDS","BSE","BCD","BSTAR","BFO"],"values":["1"],"mws":{"1":[{"exch":"NSE","token":"27066","tsym":"SWIGGY-EQ","cname":"SWIGGY LIMITED","instname":"EQ","pp":"2","ls":"1","ti":"0.05"},{"exch":"NSE","token":"19525","tsym":"IITL-EQ","cname":"INDUSTRIAL INV TRUST LTD","instname":"EQ","pp":"2","ls":"1","ti":"0.01"},{"exch":"NSE","token":"3672","tsym":"SOLARA-EQ","cname":"SOLARA ACTIVE PHA SCI LTD","instname":"EQ","pp":"2","ls":"1","ti":"0.05"},{"exch":"NSE","token":"12024","tsym":"ACI-EQ","cname":"ARCHEAN CHEMICAL IND LTD","instname":"EQ","pp":"2","ls":"1","ti":"0.05"},{"exch":"NSE","token":"13091","tsym":"EKC-EQ","cname":"EVEREST KANTO CYLINDERLTD","instname":"EQ","pp":"2","ls":"1","ti":"0.01"},{"exch":"NSE","token":"13725","tsym":"DCBBANK-EQ","cname":"DCB BANK LIMITED","instname":"EQ","pp":"2","ls":"1","ti":"0.01"},{"exch":"NSE","token":"17438","tsym":"OIL-EQ","cname":"OIL INDIA LTD","instname":"EQ","pp":"2","ls":"1","ti":"0.05"}]},"brkname":"FINV","dmsg":"","lastaccesstime":"1759204027","lastpwdtime":"1756871126"}
2025-09-30 09:17:09 IST - logging_setup - INFO - ✅ Broker login successful
2025-09-30 09:17:09 IST - logging_setup - INFO - ✅ Broker client initialized
2025-09-30 09:17:09 IST - logging_setup - INFO - 🚀 Alert worker thread started and running
2025-09-30 09:17:09 IST - logging_setup - INFO - ✅ Alert worker thread started
2025-09-30 09:17:09 IST - logging_setup - INFO - ✅ Thread monitor started
2025-09-30 09:17:09 IST - NorenRestApiPy.NorenApi - DEBUG - https://api.shoonya.com/NorenWClientTP//Limits
2025-09-30 09:17:09 IST - logging_setup - INFO - ✅ Keepalive thread started
2025-09-30 09:17:09 IST - logging_setup - INFO - 🎉 System initialization complete!
2025-09-30 09:17:09 IST - NorenRestApiPy.NorenApi - DEBUG - jData={"uid": "FA123166", "actid": "FA123166"}&jKey=440edb3c2f3f6ff2b05a6203861757acd01ae59db56cd817b8383e3c8dfec822
2025-09-30 09:17:09 IST - logging_setup - INFO - 🌐 Starting Flask server on http://0.0.0.0:5000
2025-09-30 09:17:09 IST - urllib3.connectionpool - DEBUG - Starting new HTTPS connection (1): api.shoonya.com:443
2025-09-30 13:40:53 IST - logging_setup - INFO - Application starting - Logging to logs\2025-09-30_chartink_app.log (Mode: DEBUG)
2025-09-30 13:40:54 IST - logging_setup - INFO - ✅ Loaded 16894 symbol mappings from NSE_symbols.txt
2025-09-30 13:40:54 IST - logging_setup - ERROR - 🚨 Alert worker thread died! Restarting...
2025-09-30 13:40:54 IST - logging_setup - INFO - 🚀 Initializing Chartink Webhook System...
2025-09-30 13:40:54 IST - logging_setup - INFO - 🚀 Alert worker thread started and running
2025-09-30 13:40:54 IST - logging_setup - INFO - 🔄 Alert worker thread restarted
2025-09-30 13:40:54 IST - NorenRestApiPy.NorenApi - DEBUG - https://api.shoonya.com/NorenWClientTP//QuickAuth
2025-09-30 13:40:54 IST - NorenRestApiPy.NorenApi - DEBUG - Req:jData={"source": "API", "apkversion": "1.0.0", "uid": "FA123166", "pwd": "508d42eb2263c0a1df426bfaf9b43b1d090838b7e02ee17c11ffbe200457a781", "factor2": "598842", "vc": "FA123166_U", "appkey": "d26860ee49570c9d61e90b3611a4e7a43831ca236a7ceb5d359792398f5b3304", "imei": "abc1234"}
2025-09-30 13:40:54 IST - urllib3.connectionpool - DEBUG - Starting new HTTPS connection (1): api.shoonya.com:443
2025-09-30 13:40:55 IST - urllib3.connectionpool - DEBUG - https://api.shoonya.com:443 "POST /NorenWClientTP//QuickAuth HTTP/1.1" 200 2132
2025-09-30 13:40:55 IST - NorenRestApiPy.NorenApi - DEBUG - Reply:{"request_time":"13:40:54 30-09-2025","actid":"FA123166","access_type":["WEB","TT","MOB","API"],"uname":"SUCHISMITA  PRADHAN","prarr":[{"prd":"C","s_prdt_ali":"CNC","exch":["NSE","BSE","NIPO","BSTAR"]},{"prd":"M","s_prdt_ali":"NRML","exch":["NFO","BFO","CDS","BCD"]},{"prd":"I","s_prdt_ali":"MIS","exch":["NSE","BSE","NFO","BFO","CDS","BCD"]},{"prd":"H","s_prdt_ali":"CO","exch":["NSE","NFO","CDS","BSE"]},{"prd":"B","s_prdt_ali":"BO","exch":["NSE","NFO","CDS","BSE"]}],"exch_prd":[{"exch":"NSE","prds":["C","I","H","B"]},{"exch":"NIPO","prds":["C"]},{"exch":"NFO","prds":["M","I","H","B"]},{"exch":"CDS","prds":["M","I","H","B"]},{"exch":"BSE","prds":["C","I","H","B"]},{"exch":"BCD","prds":["M","I"]},{"exch":"BSTAR","prds":["C"]},{"exch":"BFO","prds":["M","I"]}],"stat":"Ok","susertoken":"f20929f4a5b9a88f43eb611c4e025beb3d02c1edcf88f5ad4d258048e1955a4f","susertokenspl":"8249619b9f5d464b34727bae91a7e40bf5fb59ddb14549ad49397e31c80db64d","email":"mailamiya@gmail.com","uid":"FA123166","brnchid":"HO","totp_set":"1","m_num":"7972222833","orarr":["MKT","LMT","SL-LMT","SL-MKT"],"exarr":["NSE","NIPO","NFO","CDS","BSE","BCD","BSTAR","BFO"],"values":["1"],"mws":{"1":[{"exch":"NSE","token":"27066","tsym":"SWIGGY-EQ","cname":"SWIGGY LIMITED","instname":"EQ","pp":"2","ls":"1","ti":"0.05"},{"exch":"NSE","token":"19525","tsym":"IITL-EQ","cname":"INDUSTRIAL INV TRUST LTD","instname":"EQ","pp":"2","ls":"1","ti":"0.01"},{"exch":"NSE","token":"3672","tsym":"SOLARA-EQ","cname":"SOLARA ACTIVE PHA SCI LTD","instname":"EQ","pp":"2","ls":"1","ti":"0.05"},{"exch":"NSE","token":"12024","tsym":"ACI-EQ","cname":"ARCHEAN CHEMICAL IND LTD","instname":"EQ","pp":"2","ls":"1","ti":"0.05"},{"exch":"NSE","token":"13091","tsym":"EKC-EQ","cname":"EVEREST KANTO CYLINDERLTD","instname":"EQ","pp":"2","ls":"1","ti":"0.01"},{"exch":"NSE","token":"13725","tsym":"DCBBANK-EQ","cname":"DCB BANK LIMITED","instname":"EQ","pp":"2","ls":"1","ti":"0.01"},{"exch":"NSE","token":"17438","tsym":"OIL-EQ","cname":"OIL INDIA LTD","instname":"EQ","pp":"2","ls":"1","ti":"0.05"}]},"brkname":"FINV","dmsg":"","lastaccesstime":"1759219854","lastpwdtime":"1756871126"}
2025-09-30 13:40:55 IST - logging_setup - INFO - ✅ Broker login successful
2025-09-30 13:40:55 IST - logging_setup - INFO - ✅ Broker client initialized
2025-09-30 13:40:55 IST - logging_setup - INFO - 🚀 Alert worker thread started and running
2025-09-30 13:40:55 IST - logging_setup - INFO - ✅ Alert worker thread started
2025-09-30 13:40:55 IST - logging_setup - INFO - ✅ Thread monitor started
2025-09-30 13:40:55 IST - NorenRestApiPy.NorenApi - DEBUG - https://api.shoonya.com/NorenWClientTP//Limits
2025-09-30 13:40:55 IST - logging_setup - INFO - ✅ Keepalive thread started
2025-09-30 13:40:55 IST - NorenRestApiPy.NorenApi - DEBUG - jData={"uid": "FA123166", "actid": "FA123166"}&jKey=f20929f4a5b9a88f43eb611c4e025beb3d02c1edcf88f5ad4d258048e1955a4f
2025-09-30 13:40:55 IST - logging_setup - INFO - 🎉 System initialization complete!
2025-09-30 13:40:55 IST - logging_setup - INFO - 🌐 Starting Flask server on http://0.0.0.0:5000
2025-09-30 13:40:55 IST - urllib3.connectionpool - DEBUG - Starting new HTTPS connection (1): api.shoonya.com:443
2025-09-30 13:44:42 IST - logging_setup - INFO - Application starting - Logging to logs\2025-09-30_chartink_app.log (Mode: DEBUG)
2025-09-30 13:44:43 IST - logging_setup - INFO - ✅ Loaded 16894 symbol mappings from NSE_symbols.txt
2025-09-30 13:44:43 IST - logging_setup - ERROR - 🚨 Alert worker thread died! Restarting...
2025-09-30 13:44:43 IST - logging_setup - INFO - 🚀 Initializing Chartink Webhook System...
2025-09-30 13:44:43 IST - logging_setup - INFO - 🚀 Alert worker thread started and running
2025-09-30 13:44:43 IST - logging_setup - INFO - 🔄 Alert worker thread restarted
2025-09-30 13:44:43 IST - NorenRestApiPy.NorenApi - DEBUG - https://api.shoonya.com/NorenWClientTP//QuickAuth
2025-09-30 13:44:43 IST - NorenRestApiPy.NorenApi - DEBUG - Req:jData={"source": "API", "apkversion": "1.0.0", "uid": "FA123166", "pwd": "508d42eb2263c0a1df426bfaf9b43b1d090838b7e02ee17c11ffbe200457a781", "factor2": "618647", "vc": "FA123166_U", "appkey": "d26860ee49570c9d61e90b3611a4e7a43831ca236a7ceb5d359792398f5b3304", "imei": "abc1234"}
2025-09-30 13:44:43 IST - urllib3.connectionpool - DEBUG - Starting new HTTPS connection (1): api.shoonya.com:443
2025-09-30 13:44:43 IST - urllib3.connectionpool - DEBUG - https://api.shoonya.com:443 "POST /NorenWClientTP//QuickAuth HTTP/1.1" 200 2132
2025-09-30 13:44:43 IST - NorenRestApiPy.NorenApi - DEBUG - Reply:{"request_time":"13:44:43 30-09-2025","actid":"FA123166","access_type":["WEB","TT","MOB","API"],"uname":"SUCHISMITA  PRADHAN","prarr":[{"prd":"C","s_prdt_ali":"CNC","exch":["NSE","BSE","NIPO","BSTAR"]},{"prd":"M","s_prdt_ali":"NRML","exch":["NFO","BFO","CDS","BCD"]},{"prd":"I","s_prdt_ali":"MIS","exch":["NSE","BSE","NFO","BFO","CDS","BCD"]},{"prd":"H","s_prdt_ali":"CO","exch":["NSE","NFO","CDS","BSE"]},{"prd":"B","s_prdt_ali":"BO","exch":["NSE","NFO","CDS","BSE"]}],"exch_prd":[{"exch":"NSE","prds":["C","I","H","B"]},{"exch":"NIPO","prds":["C"]},{"exch":"NFO","prds":["M","I","H","B"]},{"exch":"CDS","prds":["M","I","H","B"]},{"exch":"BSE","prds":["C","I","H","B"]},{"exch":"BCD","prds":["M","I"]},{"exch":"BSTAR","prds":["C"]},{"exch":"BFO","prds":["M","I"]}],"stat":"Ok","susertoken":"ca9e5bf8c351062d93f55ee6e513a36eac8b18839c9d8e782c7ef927d5eb4ea0","susertokenspl":"0050d32e84ec67cf4e2dff7d22443c4beccc2a4cbb6c107e0d812c4f6fff6217","email":"mailamiya@gmail.com","uid":"FA123166","brnchid":"HO","totp_set":"1","m_num":"7972222833","orarr":["MKT","LMT","SL-LMT","SL-MKT"],"exarr":["NSE","NIPO","NFO","CDS","BSE","BCD","BSTAR","BFO"],"values":["1"],"mws":{"1":[{"exch":"NSE","token":"27066","tsym":"SWIGGY-EQ","cname":"SWIGGY LIMITED","instname":"EQ","pp":"2","ls":"1","ti":"0.05"},{"exch":"NSE","token":"19525","tsym":"IITL-EQ","cname":"INDUSTRIAL INV TRUST LTD","instname":"EQ","pp":"2","ls":"1","ti":"0.01"},{"exch":"NSE","token":"3672","tsym":"SOLARA-EQ","cname":"SOLARA ACTIVE PHA SCI LTD","instname":"EQ","pp":"2","ls":"1","ti":"0.05"},{"exch":"NSE","token":"12024","tsym":"ACI-EQ","cname":"ARCHEAN CHEMICAL IND LTD","instname":"EQ","pp":"2","ls":"1","ti":"0.05"},{"exch":"NSE","token":"13091","tsym":"EKC-EQ","cname":"EVEREST KANTO CYLINDERLTD","instname":"EQ","pp":"2","ls":"1","ti":"0.01"},{"exch":"NSE","token":"13725","tsym":"DCBBANK-EQ","cname":"DCB BANK LIMITED","instname":"EQ","pp":"2","ls":"1","ti":"0.01"},{"exch":"NSE","token":"17438","tsym":"OIL-EQ","cname":"OIL INDIA LTD","instname":"EQ","pp":"2","ls":"1","ti":"0.05"}]},"brkname":"FINV","dmsg":"","lastaccesstime":"1759220083","lastpwdtime":"1756871126"}
2025-09-30 13:44:43 IST - logging_setup - INFO - ✅ Broker login successful
2025-09-30 13:44:43 IST - logging_setup - INFO - ✅ Broker client initialized
2025-09-30 13:44:43 IST - logging_setup - INFO - 🚀 Alert worker thread started and running
2025-09-30 13:44:43 IST - logging_setup - INFO - ✅ Alert worker thread started
2025-09-30 13:44:43 IST - logging_setup - INFO - ✅ Thread monitor started
2025-09-30 13:44:43 IST - NorenRestApiPy.NorenApi - DEBUG - https://api.shoonya.com/NorenWClientTP//Limits
2025-09-30 13:44:43 IST - logging_setup - INFO - ✅ Keepalive thread started
2025-09-30 13:44:43 IST - NorenRestApiPy.NorenApi - DEBUG - jData={"uid": "FA123166", "actid": "FA123166"}&jKey=ca9e5bf8c351062d93f55ee6e513a36eac8b18839c9d8e782c7ef927d5eb4ea0
2025-09-30 13:44:43 IST - logging_setup - INFO - 🎉 System initialization complete!
2025-09-30 13:44:43 IST - logging_setup - INFO - 🌐 Starting Flask server on http://0.0.0.0:5000
2025-09-30 13:44:43 IST - urllib3.connectionpool - DEBUG - Starting new HTTPS connection (1): api.shoonya.com:443
2025-09-30 13:45:41 IST - logging_setup - INFO - Application starting - Logging to logs\2025-09-30_chartink_app.log (Mode: DEBUG)
2025-09-30 13:45:42 IST - logging_setup - INFO - ✅ Loaded 16894 symbol mappings from NSE_symbols.txt
2025-09-30 13:45:42 IST - logging_setup - ERROR - 🚨 Alert worker thread died! Restarting...
2025-09-30 13:45:42 IST - logging_setup - INFO - 🚀 Initializing Chartink Webhook System...
2025-09-30 13:45:42 IST - logging_setup - INFO - 🚀 Alert worker thread started and running
2025-09-30 13:45:42 IST - logging_setup - INFO - 🔄 Alert worker thread restarted
2025-09-30 13:45:42 IST - NorenRestApiPy.NorenApi - DEBUG - https://api.shoonya.com/NorenWClientTP//QuickAuth
2025-09-30 13:45:42 IST - NorenRestApiPy.NorenApi - DEBUG - Req:jData={"source": "API", "apkversion": "1.0.0", "uid": "FA123166", "pwd": "508d42eb2263c0a1df426bfaf9b43b1d090838b7e02ee17c11ffbe200457a781", "factor2": "945000", "vc": "FA123166_U", "appkey": "d26860ee49570c9d61e90b3611a4e7a43831ca236a7ceb5d359792398f5b3304", "imei": "abc1234"}
2025-09-30 13:45:42 IST - urllib3.connectionpool - DEBUG - Starting new HTTPS connection (1): api.shoonya.com:443
2025-09-30 13:45:42 IST - urllib3.connectionpool - DEBUG - https://api.shoonya.com:443 "POST /NorenWClientTP//QuickAuth HTTP/1.1" 200 2132
2025-09-30 13:45:42 IST - NorenRestApiPy.NorenApi - DEBUG - Reply:{"request_time":"13:45:42 30-09-2025","actid":"FA123166","access_type":["WEB","TT","MOB","API"],"uname":"SUCHISMITA  PRADHAN","prarr":[{"prd":"C","s_prdt_ali":"CNC","exch":["NSE","BSE","NIPO","BSTAR"]},{"prd":"M","s_prdt_ali":"NRML","exch":["NFO","BFO","CDS","BCD"]},{"prd":"I","s_prdt_ali":"MIS","exch":["NSE","BSE","NFO","BFO","CDS","BCD"]},{"prd":"H","s_prdt_ali":"CO","exch":["NSE","NFO","CDS","BSE"]},{"prd":"B","s_prdt_ali":"BO","exch":["NSE","NFO","CDS","BSE"]}],"exch_prd":[{"exch":"NSE","prds":["C","I","H","B"]},{"exch":"NIPO","prds":["C"]},{"exch":"NFO","prds":["M","I","H","B"]},{"exch":"CDS","prds":["M","I","H","B"]},{"exch":"BSE","prds":["C","I","H","B"]},{"exch":"BCD","prds":["M","I"]},{"exch":"BSTAR","prds":["C"]},{"exch":"BFO","prds":["M","I"]}],"stat":"Ok","susertoken":"66f5b4cebe66b1c079780bdd8b0bc72fcd1a289f332b53ed835d3b7954078595","susertokenspl":"5ffde20d2ebf7cd3b9561f95fa342861341f19194559dadde4981f84b0ed9418","email":"mailamiya@gmail.com","uid":"FA123166","brnchid":"HO","totp_set":"1","m_num":"7972222833","orarr":["MKT","LMT","SL-LMT","SL-MKT"],"exarr":["NSE","NIPO","NFO","CDS","BSE","BCD","BSTAR","BFO"],"values":["1"],"mws":{"1":[{"exch":"NSE","token":"27066","tsym":"SWIGGY-EQ","cname":"SWIGGY LIMITED","instname":"EQ","pp":"2","ls":"1","ti":"0.05"},{"exch":"NSE","token":"19525","tsym":"IITL-EQ","cname":"INDUSTRIAL INV TRUST LTD","instname":"EQ","pp":"2","ls":"1","ti":"0.01"},{"exch":"NSE","token":"3672","tsym":"SOLARA-EQ","cname":"SOLARA ACTIVE PHA SCI LTD","instname":"EQ","pp":"2","ls":"1","ti":"0.05"},{"exch":"NSE","token":"12024","tsym":"ACI-EQ","cname":"ARCHEAN CHEMICAL IND LTD","instname":"EQ","pp":"2","ls":"1","ti":"0.05"},{"exch":"NSE","token":"13091","tsym":"EKC-EQ","cname":"EVEREST KANTO CYLINDERLTD","instname":"EQ","pp":"2","ls":"1","ti":"0.01"},{"exch":"NSE","token":"13725","tsym":"DCBBANK-EQ","cname":"DCB BANK LIMITED","instname":"EQ","pp":"2","ls":"1","ti":"0.01"},{"exch":"NSE","token":"17438","tsym":"OIL-EQ","cname":"OIL INDIA LTD","instname":"EQ","pp":"2","ls":"1","ti":"0.05"}]},"brkname":"FINV","dmsg":"","lastaccesstime":"1759220142","lastpwdtime":"1756871126"}
2025-09-30 13:45:42 IST - logging_setup - INFO - ✅ Broker login successful
2025-09-30 13:45:42 IST - logging_setup - INFO - ✅ Broker client initialized
2025-09-30 13:45:42 IST - logging_setup - INFO - 🚀 Alert worker thread started and running
2025-09-30 13:45:42 IST - logging_setup - INFO - ✅ Alert worker thread started
2025-09-30 13:45:42 IST - logging_setup - INFO - ✅ Thread monitor started
2025-09-30 13:45:42 IST - NorenRestApiPy.NorenApi - DEBUG - https://api.shoonya.com/NorenWClientTP//Limits
2025-09-30 13:45:42 IST - logging_setup - INFO - ✅ Keepalive thread started
2025-09-30 13:45:42 IST - NorenRestApiPy.NorenApi - DEBUG - jData={"uid": "FA123166", "actid": "FA123166"}&jKey=66f5b4cebe66b1c079780bdd8b0bc72fcd1a289f332b53ed835d3b7954078595
2025-09-30 13:45:42 IST - logging_setup - INFO - 🎉 System initialization complete!
2025-09-30 13:45:42 IST - logging_setup - INFO - 🌐 Starting Flask server on http://0.0.0.0:5000
2025-09-30 13:45:42 IST - urllib3.connectionpool - DEBUG - Starting new HTTPS connection (1): api.shoonya.com:443
2025-09-30 13:45:52 IST - logging_setup - INFO - Application starting - Logging to logs\2025-09-30_chartink_app.log (Mode: DEBUG)
2025-09-30 13:45:53 IST - logging_setup - INFO - ✅ Loaded 16894 symbol mappings from NSE_symbols.txt
2025-09-30 13:45:53 IST - logging_setup - ERROR - 🚨 Alert worker thread died! Restarting...
2025-09-30 13:45:53 IST - logging_setup - INFO - 🚀 Initializing Chartink Webhook System...
2025-09-30 13:45:53 IST - logging_setup - INFO - 🚀 Alert worker thread started and running
2025-09-30 13:45:53 IST - logging_setup - INFO - 🔄 Alert worker thread restarted
2025-09-30 13:45:53 IST - NorenRestApiPy.NorenApi - DEBUG - https://api.shoonya.com/NorenWClientTP//QuickAuth
2025-09-30 13:45:53 IST - NorenRestApiPy.NorenApi - DEBUG - Req:jData={"source": "API", "apkversion": "1.0.0", "uid": "FA123166", "pwd": "508d42eb2263c0a1df426bfaf9b43b1d090838b7e02ee17c11ffbe200457a781", "factor2": "945000", "vc": "FA123166_U", "appkey": "d26860ee49570c9d61e90b3611a4e7a43831ca236a7ceb5d359792398f5b3304", "imei": "abc1234"}
2025-09-30 13:45:53 IST - urllib3.connectionpool - DEBUG - Starting new HTTPS connection (1): api.shoonya.com:443
2025-09-30 13:45:53 IST - urllib3.connectionpool - DEBUG - https://api.shoonya.com:443 "POST /NorenWClientTP//QuickAuth HTTP/1.1" 200 2132
2025-09-30 13:45:53 IST - NorenRestApiPy.NorenApi - DEBUG - Reply:{"request_time":"13:45:53 30-09-2025","actid":"FA123166","access_type":["WEB","TT","MOB","API"],"uname":"SUCHISMITA  PRADHAN","prarr":[{"prd":"C","s_prdt_ali":"CNC","exch":["NSE","BSE","NIPO","BSTAR"]},{"prd":"M","s_prdt_ali":"NRML","exch":["NFO","BFO","CDS","BCD"]},{"prd":"I","s_prdt_ali":"MIS","exch":["NSE","BSE","NFO","BFO","CDS","BCD"]},{"prd":"H","s_prdt_ali":"CO","exch":["NSE","NFO","CDS","BSE"]},{"prd":"B","s_prdt_ali":"BO","exch":["NSE","NFO","CDS","BSE"]}],"exch_prd":[{"exch":"NSE","prds":["C","I","H","B"]},{"exch":"NIPO","prds":["C"]},{"exch":"NFO","prds":["M","I","H","B"]},{"exch":"CDS","prds":["M","I","H","B"]},{"exch":"BSE","prds":["C","I","H","B"]},{"exch":"BCD","prds":["M","I"]},{"exch":"BSTAR","prds":["C"]},{"exch":"BFO","prds":["M","I"]}],"stat":"Ok","susertoken":"b2cd53689e26e498766bf0e712f44eacf316b3b6ee8c7d7db34dbdd769b0839f","susertokenspl":"4214a2fbd6d5b203fc622231ed6e9e2d806477e87035c9a2a71b7fbae968f204","email":"mailamiya@gmail.com","uid":"FA123166","brnchid":"HO","totp_set":"1","m_num":"7972222833","orarr":["MKT","LMT","SL-LMT","SL-MKT"],"exarr":["NSE","NIPO","NFO","CDS","BSE","BCD","BSTAR","BFO"],"values":["1"],"mws":{"1":[{"exch":"NSE","token":"27066","tsym":"SWIGGY-EQ","cname":"SWIGGY LIMITED","instname":"EQ","pp":"2","ls":"1","ti":"0.05"},{"exch":"NSE","token":"19525","tsym":"IITL-EQ","cname":"INDUSTRIAL INV TRUST LTD","instname":"EQ","pp":"2","ls":"1","ti":"0.01"},{"exch":"NSE","token":"3672","tsym":"SOLARA-EQ","cname":"SOLARA ACTIVE PHA SCI LTD","instname":"EQ","pp":"2","ls":"1","ti":"0.05"},{"exch":"NSE","token":"12024","tsym":"ACI-EQ","cname":"ARCHEAN CHEMICAL IND LTD","instname":"EQ","pp":"2","ls":"1","ti":"0.05"},{"exch":"NSE","token":"13091","tsym":"EKC-EQ","cname":"EVEREST KANTO CYLINDERLTD","instname":"EQ","pp":"2","ls":"1","ti":"0.01"},{"exch":"NSE","token":"13725","tsym":"DCBBANK-EQ","cname":"DCB BANK LIMITED","instname":"EQ","pp":"2","ls":"1","ti":"0.01"},{"exch":"NSE","token":"17438","tsym":"OIL-EQ","cname":"OIL INDIA LTD","instname":"EQ","pp":"2","ls":"1","ti":"0.05"}]},"brkname":"FINV","dmsg":"","lastaccesstime":"1759220153","lastpwdtime":"1756871126"}
2025-09-30 13:45:53 IST - logging_setup - INFO - ✅ Broker login successful
2025-09-30 13:45:53 IST - logging_setup - INFO - ✅ Broker client initialized
2025-09-30 13:45:53 IST - logging_setup - INFO - 🚀 Alert worker thread started and running
2025-09-30 13:45:53 IST - logging_setup - INFO - ✅ Alert worker thread started
2025-09-30 13:45:53 IST - logging_setup - INFO - ✅ Thread monitor started
2025-09-30 13:45:53 IST - NorenRestApiPy.NorenApi - DEBUG - https://api.shoonya.com/NorenWClientTP//Limits
2025-09-30 13:45:53 IST - logging_setup - INFO - ✅ Keepalive thread started
2025-09-30 13:45:53 IST - NorenRestApiPy.NorenApi - DEBUG - jData={"uid": "FA123166", "actid": "FA123166"}&jKey=b2cd53689e26e498766bf0e712f44eacf316b3b6ee8c7d7db34dbdd769b0839f
2025-09-30 13:45:53 IST - logging_setup - INFO - 🎉 System initialization complete!
2025-09-30 13:45:53 IST - logging_setup - INFO - 🌐 Starting Flask server on http://0.0.0.0:5000
2025-09-30 13:45:53 IST - urllib3.connectionpool - DEBUG - Starting new HTTPS connection (1): api.shoonya.com:443
2025-09-30 15:22:33 IST - logging_setup - INFO - Application starting - Logging to logs\2025-09-30_chartink_app.log (Mode: DEBUG)
2025-09-30 15:22:34 IST - logging_setup - INFO - ✅ Loaded 16894 symbol mappings from NSE_symbols.txt
2025-09-30 15:22:34 IST - logging_setup - ERROR - 🚨 Alert worker thread died! Restarting...
2025-09-30 15:22:34 IST - logging_setup - INFO - 🚀 Initializing Chartink Webhook System...
2025-09-30 15:22:34 IST - logging_setup - INFO - 🚀 Alert worker thread started and running
2025-09-30 15:22:34 IST - logging_setup - INFO - 🔄 Alert worker thread restarted
2025-09-30 15:22:34 IST - NorenRestApiPy.NorenApi - DEBUG - https://api.shoonya.com/NorenWClientTP//QuickAuth
2025-09-30 15:22:34 IST - NorenRestApiPy.NorenApi - DEBUG - Req:jData={"source": "API", "apkversion": "1.0.0", "uid": "FA123166", "pwd": "508d42eb2263c0a1df426bfaf9b43b1d090838b7e02ee17c11ffbe200457a781", "factor2": "487546", "vc": "FA123166_U", "appkey": "d26860ee49570c9d61e90b3611a4e7a43831ca236a7ceb5d359792398f5b3304", "imei": "abc1234"}
2025-09-30 15:22:34 IST - urllib3.connectionpool - DEBUG - Starting new HTTPS connection (1): api.shoonya.com:443
2025-09-30 15:22:35 IST - urllib3.connectionpool - DEBUG - https://api.shoonya.com:443 "POST /NorenWClientTP//QuickAuth HTTP/1.1" 200 2132
2025-09-30 15:22:35 IST - NorenRestApiPy.NorenApi - DEBUG - Reply:{"request_time":"15:22:34 30-09-2025","actid":"FA123166","access_type":["WEB","TT","MOB","API"],"uname":"SUCHISMITA  PRADHAN","prarr":[{"prd":"C","s_prdt_ali":"CNC","exch":["NSE","BSE","NIPO","BSTAR"]},{"prd":"M","s_prdt_ali":"NRML","exch":["NFO","BFO","CDS","BCD"]},{"prd":"I","s_prdt_ali":"MIS","exch":["NSE","BSE","NFO","BFO","CDS","BCD"]},{"prd":"H","s_prdt_ali":"CO","exch":["NSE","NFO","CDS","BSE"]},{"prd":"B","s_prdt_ali":"BO","exch":["NSE","NFO","CDS","BSE"]}],"exch_prd":[{"exch":"NSE","prds":["C","I","H","B"]},{"exch":"NIPO","prds":["C"]},{"exch":"NFO","prds":["M","I","H","B"]},{"exch":"CDS","prds":["M","I","H","B"]},{"exch":"BSE","prds":["C","I","H","B"]},{"exch":"BCD","prds":["M","I"]},{"exch":"BSTAR","prds":["C"]},{"exch":"BFO","prds":["M","I"]}],"stat":"Ok","susertoken":"2c526b9e972f7956f0538e562a09292d59ac217403a3c86af5afb2ace474af26","susertokenspl":"1e66132ca18bde3a0000dd295f2dfab693423875d64ca4065089964c646aca06","email":"mailamiya@gmail.com","uid":"FA123166","brnchid":"HO","totp_set":"1","m_num":"7972222833","orarr":["MKT","LMT","SL-LMT","SL-MKT"],"exarr":["NSE","NIPO","NFO","CDS","BSE","BCD","BSTAR","BFO"],"values":["1"],"mws":{"1":[{"exch":"NSE","token":"27066","tsym":"SWIGGY-EQ","cname":"SWIGGY LIMITED","instname":"EQ","pp":"2","ls":"1","ti":"0.05"},{"exch":"NSE","token":"19525","tsym":"IITL-EQ","cname":"INDUSTRIAL INV TRUST LTD","instname":"EQ","pp":"2","ls":"1","ti":"0.01"},{"exch":"NSE","token":"3672","tsym":"SOLARA-EQ","cname":"SOLARA ACTIVE PHA SCI LTD","instname":"EQ","pp":"2","ls":"1","ti":"0.05"},{"exch":"NSE","token":"12024","tsym":"ACI-EQ","cname":"ARCHEAN CHEMICAL IND LTD","instname":"EQ","pp":"2","ls":"1","ti":"0.05"},{"exch":"NSE","token":"13091","tsym":"EKC-EQ","cname":"EVEREST KANTO CYLINDERLTD","instname":"EQ","pp":"2","ls":"1","ti":"0.01"},{"exch":"NSE","token":"13725","tsym":"DCBBANK-EQ","cname":"DCB BANK LIMITED","instname":"EQ","pp":"2","ls":"1","ti":"0.01"},{"exch":"NSE","token":"17438","tsym":"OIL-EQ","cname":"OIL INDIA LTD","instname":"EQ","pp":"2","ls":"1","ti":"0.05"}]},"brkname":"FINV","dmsg":"","lastaccesstime":"1759225954","lastpwdtime":"1756871126"}
2025-09-30 15:22:35 IST - logging_setup - INFO - ✅ Broker login successful
2025-09-30 15:22:35 IST - logging_setup - INFO - ✅ Broker client initialized
2025-09-30 15:22:35 IST - logging_setup - INFO - 🚀 Alert worker thread started and running
2025-09-30 15:22:35 IST - logging_setup - INFO - ✅ Alert worker thread started
2025-09-30 15:22:35 IST - logging_setup - INFO - ✅ Thread monitor started
2025-09-30 15:22:35 IST - NorenRestApiPy.NorenApi - DEBUG - https://api.shoonya.com/NorenWClientTP//Limits
2025-09-30 15:22:35 IST - logging_setup - INFO - ✅ Keepalive thread started
2025-09-30 15:22:35 IST - NorenRestApiPy.NorenApi - DEBUG - jData={"uid": "FA123166", "actid": "FA123166"}&jKey=2c526b9e972f7956f0538e562a09292d59ac217403a3c86af5afb2ace474af26
2025-09-30 15:22:35 IST - logging_setup - INFO - 🎉 System initialization complete!
2025-09-30 15:22:35 IST - logging_setup - INFO - 🌐 Starting Flask server on http://0.0.0.0:5000
2025-09-30 15:22:35 IST - urllib3.connectionpool - DEBUG - Starting new HTTPS connection (1): api.shoonya.com:443
2025-09-30 15:25:01 IST - logging_setup - INFO - Application starting - Logging to logs\2025-09-30_chartink_app.log (Mode: DEBUG)
2025-09-30 15:25:02 IST - logging_setup - INFO - ✅ Loaded 16894 symbol mappings from NSE_symbols.txt
2025-09-30 15:25:02 IST - logging_setup - ERROR - 🚨 Alert worker thread died! Restarting...
2025-09-30 15:25:02 IST - logging_setup - INFO - 🚀 Initializing Chartink Webhook System...
2025-09-30 15:25:02 IST - logging_setup - INFO - 🚀 Alert worker thread started and running
2025-09-30 15:25:02 IST - logging_setup - INFO - 🔄 Alert worker thread restarted
2025-09-30 15:25:02 IST - NorenRestApiPy.NorenApi - DEBUG - https://api.shoonya.com/NorenWClientTP//QuickAuth
2025-09-30 15:25:02 IST - NorenRestApiPy.NorenApi - DEBUG - Req:jData={"source": "API", "apkversion": "1.0.0", "uid": "FA123166", "pwd": "508d42eb2263c0a1df426bfaf9b43b1d090838b7e02ee17c11ffbe200457a781", "factor2": "530479", "vc": "FA123166_U", "appkey": "d26860ee49570c9d61e90b3611a4e7a43831ca236a7ceb5d359792398f5b3304", "imei": "abc1234"}
2025-09-30 15:25:02 IST - urllib3.connectionpool - DEBUG - Starting new HTTPS connection (1): api.shoonya.com:443
2025-09-30 15:25:02 IST - urllib3.connectionpool - DEBUG - https://api.shoonya.com:443 "POST /NorenWClientTP//QuickAuth HTTP/1.1" 200 2132
2025-09-30 15:25:02 IST - NorenRestApiPy.NorenApi - DEBUG - Reply:{"request_time":"15:25:02 30-09-2025","actid":"FA123166","access_type":["WEB","TT","MOB","API"],"uname":"SUCHISMITA  PRADHAN","prarr":[{"prd":"C","s_prdt_ali":"CNC","exch":["NSE","BSE","NIPO","BSTAR"]},{"prd":"M","s_prdt_ali":"NRML","exch":["NFO","BFO","CDS","BCD"]},{"prd":"I","s_prdt_ali":"MIS","exch":["NSE","BSE","NFO","BFO","CDS","BCD"]},{"prd":"H","s_prdt_ali":"CO","exch":["NSE","NFO","CDS","BSE"]},{"prd":"B","s_prdt_ali":"BO","exch":["NSE","NFO","CDS","BSE"]}],"exch_prd":[{"exch":"NSE","prds":["C","I","H","B"]},{"exch":"NIPO","prds":["C"]},{"exch":"NFO","prds":["M","I","H","B"]},{"exch":"CDS","prds":["M","I","H","B"]},{"exch":"BSE","prds":["C","I","H","B"]},{"exch":"BCD","prds":["M","I"]},{"exch":"BSTAR","prds":["C"]},{"exch":"BFO","prds":["M","I"]}],"stat":"Ok","susertoken":"d0d695ce360cde76db6e5641262b6d308a70ba2642681355b539b8326dc542a2","susertokenspl":"bd4fc0a8af653e41df7468da93bf9ac0665bc5fb3d0974ba330461d34aec63ad","email":"mailamiya@gmail.com","uid":"FA123166","brnchid":"HO","totp_set":"1","m_num":"7972222833","orarr":["MKT","LMT","SL-LMT","SL-MKT"],"exarr":["NSE","NIPO","NFO","CDS","BSE","BCD","BSTAR","BFO"],"values":["1"],"mws":{"1":[{"exch":"NSE","token":"27066","tsym":"SWIGGY-EQ","cname":"SWIGGY LIMITED","instname":"EQ","pp":"2","ls":"1","ti":"0.05"},{"exch":"NSE","token":"19525","tsym":"IITL-EQ","cname":"INDUSTRIAL INV TRUST LTD","instname":"EQ","pp":"2","ls":"1","ti":"0.01"},{"exch":"NSE","token":"3672","tsym":"SOLARA-EQ","cname":"SOLARA ACTIVE PHA SCI LTD","instname":"EQ","pp":"2","ls":"1","ti":"0.05"},{"exch":"NSE","token":"12024","tsym":"ACI-EQ","cname":"ARCHEAN CHEMICAL IND LTD","instname":"EQ","pp":"2","ls":"1","ti":"0.05"},{"exch":"NSE","token":"13091","tsym":"EKC-EQ","cname":"EVEREST KANTO CYLINDERLTD","instname":"EQ","pp":"2","ls":"1","ti":"0.01"},{"exch":"NSE","token":"13725","tsym":"DCBBANK-EQ","cname":"DCB BANK LIMITED","instname":"EQ","pp":"2","ls":"1","ti":"0.01"},{"exch":"NSE","token":"17438","tsym":"OIL-EQ","cname":"OIL INDIA LTD","instname":"EQ","pp":"2","ls":"1","ti":"0.05"}]},"brkname":"FINV","dmsg":"","lastaccesstime":"1759226102","lastpwdtime":"1756871126"}
2025-09-30 15:25:02 IST - logging_setup - INFO - ✅ Broker login successful
2025-09-30 15:25:02 IST - logging_setup - INFO - ✅ Broker client initialized
2025-09-30 15:25:02 IST - logging_setup - INFO - 🚀 Alert worker thread started and running
2025-09-30 15:25:02 IST - logging_setup - INFO - ✅ Alert worker thread started
2025-09-30 15:25:02 IST - logging_setup - INFO - ✅ Thread monitor started
2025-09-30 15:25:02 IST - NorenRestApiPy.NorenApi - DEBUG - https://api.shoonya.com/NorenWClientTP//Limits
2025-09-30 15:25:02 IST - logging_setup - INFO - ✅ Keepalive thread started
2025-09-30 15:25:02 IST - NorenRestApiPy.NorenApi - DEBUG - jData={"uid": "FA123166", "actid": "FA123166"}&jKey=d0d695ce360cde76db6e5641262b6d308a70ba2642681355b539b8326dc542a2
2025-09-30 15:25:02 IST - logging_setup - INFO - 🎉 System initialization complete!
2025-09-30 15:25:02 IST - logging_setup - INFO - 🌐 Starting Flask server on http://0.0.0.0:5000
2025-09-30 15:25:02 IST - urllib3.connectionpool - DEBUG - Starting new HTTPS connection (1): api.shoonya.com:443
