2025-10-04 18:42:18,019 - TradingBot - INFO - Starting symbol token mapping load
2025-10-04 18:42:18,019 - TradingBot - INFO - NSE_symbols.txt file found, loading data
2025-10-04 18:42:18,066 - TradingBot - INFO - Loaded 8460 rows from NSE_symbols.txt
2025-10-04 18:42:19,092 - TradingBot - INFO - Successfully loaded 16894 symbol mappings from NSE_symbols.txt
2025-10-04 18:42:19,108 - TradingBot - INFO - Application starting from main entry point
2025-10-04 18:42:19,108 - TradingBot - INFO - === TRADING BOT STARTING ===
2025-10-04 18:42:19,108 - TradingBot - INFO - Start time: 2025-10-04 18:42:19
2025-10-04 18:42:19,108 - TradingBot - INFO - Starting broker login process
2025-10-04 18:42:19,108 - TradingBot - INFO - Reading client info from ClientInfo.txt
2025-10-04 18:42:19,123 - TradingBot - INFO - Generating 2FA token
2025-10-04 18:42:19,123 - TradingBot - INFO - Attempting broker login...
2025-10-04 18:42:19,608 - TradingBot - INFO - Broker login successful
2025-10-04 18:42:19,608 - TradingBot - INFO - Created new positions file: app/2025-10-04_positions_state.csv
2025-10-04 18:42:19,608 - TradingBot - INFO - Starting alert processor thread...
2025-10-04 18:42:19,608 - TradingBot - INFO - === STARTING ALERT PROCESSOR ===
2025-10-04 18:42:19,608 - TradingBot - INFO - Alert processor thread started
2025-10-04 18:42:19,608 - TradingBot - INFO - Starting position monitor thread...
2025-10-04 18:42:19,608 - TradingBot - INFO - === STARTING POSITION MONITORING ===
2025-10-04 18:42:19,608 - TradingBot - INFO - Position monitor thread started
2025-10-04 18:42:19,608 - TradingBot - INFO - Starting Flask web server...
2025-10-04 18:42:19,741 - werkzeug - INFO - [31m[1mWARNING: This is a development server. Do not use it in a production deployment. Use a production WSGI server instead.[0m
 * Running on all addresses (0.0.0.0)
 * Running on http://127.0.0.1:5000
 * Running on http://192.168.1.229:5000
2025-10-04 18:42:19,741 - werkzeug - INFO - [33mPress CTRL+C to quit[0m
2025-10-04 18:42:23,363 - werkzeug - INFO - 127.0.0.1 - - [04/Oct/2025 14:12:23] "GET /health HTTP/1.1" 200 -
