2025-09-28 21:02:26 IST - logging_setup - INFO - Application starting - Logging to logs\2025-09-28_chartink_app.log (Mode: DEBUG)
2025-09-28 21:02:32 IST - NorenRestApiPy.NorenApi - DEBUG - https://api.shoonya.com/NorenWClientTP//QuickAuth
2025-09-28 21:02:32 IST - NorenRestApiPy.NorenApi - DEBUG - Req:jData={"source": "API", "apkversion": "1.0.0", "uid": "FA123166", "pwd": "508d42eb2263c0a1df426bfaf9b43b1d090838b7e02ee17c11ffbe200457a781", "factor2": "877731", "vc": "FA123166_U", "appkey": "d26860ee49570c9d61e90b3611a4e7a43831ca236a7ceb5d359792398f5b3304", "imei": "abc1234"}
2025-09-28 21:02:32 IST - urllib3.connectionpool - DEBUG - Starting new HTTPS connection (1): api.shoonya.com:443
2025-09-28 21:02:32 IST - urllib3.connectionpool - DEBUG - https://api.shoonya.com:443 "POST /NorenWClientTP//QuickAuth HTTP/1.1" 200 2011
2025-09-28 21:02:32 IST - NorenRestApiPy.NorenApi - DEBUG - Reply:{"request_time":"21:02:32 28-09-2025","actid":"FA123166","access_type":["WEB","TT","MOB","API"],"uname":"SUCHISMITA  PRADHAN","prarr":[{"prd":"C","s_prdt_ali":"CNC","exch":["NSE","BSE","NIPO","BSTAR"]},{"prd":"M","s_prdt_ali":"NRML","exch":["NFO","BFO","CDS","BCD"]},{"prd":"I","s_prdt_ali":"MIS","exch":["NSE","BSE","NFO","BFO","CDS","BCD"]},{"prd":"H","s_prdt_ali":"CO","exch":["NSE","NFO","CDS","BSE"]},{"prd":"B","s_prdt_ali":"BO","exch":["NSE","NFO","CDS","BSE"]}],"exch_prd":[{"exch":"NSE","prds":["C","I","H","B"]},{"exch":"NIPO","prds":["C"]},{"exch":"NFO","prds":["M","I","H","B"]},{"exch":"CDS","prds":["M","I","H","B"]},{"exch":"BSE","prds":["C","I","H","B"]},{"exch":"BCD","prds":["M","I"]},{"exch":"BSTAR","prds":["C"]},{"exch":"BFO","prds":["M","I"]}],"stat":"Ok","susertoken":"37890e728e9f627007cf5dfa0e821c632b384ee233381cea761afa5d051befe4","susertokenspl":"670c7ac7509693095675626dc8a2e9de5d84f70a72e7d0625d0e52dec8660f1c","email":"mailamiya@gmail.com","uid":"FA123166","brnchid":"HO","totp_set":"1","m_num":"7972222833","orarr":["MKT","LMT","SL-LMT","SL-MKT"],"exarr":["NSE","NIPO","NFO","CDS","BSE","BCD","BSTAR","BFO"],"values":["1"],"mws":{"1":[{"exch":"NSE","token":"19525","tsym":"IITL-EQ","cname":"INDUSTRIAL INV TRUST LTD","instname":"EQ","pp":"2","ls":"1","ti":"0.01"},{"exch":"NSE","token":"3672","tsym":"SOLARA-EQ","cname":"SOLARA ACTIVE PHA SCI LTD","instname":"EQ","pp":"2","ls":"1","ti":"0.05"},{"exch":"NSE","token":"12024","tsym":"ACI-EQ","cname":"ARCHEAN CHEMICAL IND LTD","instname":"EQ","pp":"2","ls":"1","ti":"0.05"},{"exch":"NSE","token":"13091","tsym":"EKC-EQ","cname":"EVEREST KANTO CYLINDERLTD","instname":"EQ","pp":"2","ls":"1","ti":"0.01"},{"exch":"NSE","token":"13725","tsym":"DCBBANK-EQ","cname":"DCB BANK LIMITED","instname":"EQ","pp":"2","ls":"1","ti":"0.01"},{"exch":"NSE","token":"17438","tsym":"OIL-EQ","cname":"OIL INDIA LTD","instname":"EQ","pp":"2","ls":"1","ti":"0.05"}]},"brkname":"FINV","dmsg":"","lastaccesstime":"1759073552","lastpwdtime":"1756871126"}
2025-09-28 21:02:32 IST - logging_setup - INFO - ✅ Broker login successful
2025-09-28 21:02:32 IST - werkzeug - INFO - [31m[1mWARNING: This is a development server. Do not use it in a production deployment. Use a production WSGI server instead.[0m
 * Running on all addresses (0.0.0.0)
 * Running on http://127.0.0.1:5000
 * Running on http://192.168.1.219:5000
2025-09-28 21:02:32 IST - werkzeug - INFO - [33mPress CTRL+C to quit[0m
2025-09-28 21:03:13 IST - werkzeug - INFO - 127.0.0.1 - - [28/Sep/2025 16:33:13] "POST /chartink-webhook HTTP/1.1" 200 -
2025-09-28 21:03:13 IST - logging_setup - ERROR - Order error: NorenApi.place_order() missing 1 required positional argument: 'discloseqty'
2025-09-28 21:06:20 IST - logging_setup - INFO - Application starting - Logging to logs\2025-09-28_chartink_app.log (Mode: DEBUG)
2025-09-28 21:06:21 IST - NorenRestApiPy.NorenApi - DEBUG - https://api.shoonya.com/NorenWClientTP//QuickAuth
2025-09-28 21:06:21 IST - NorenRestApiPy.NorenApi - DEBUG - Req:jData={"source": "API", "apkversion": "1.0.0", "uid": "FA123166", "pwd": "508d42eb2263c0a1df426bfaf9b43b1d090838b7e02ee17c11ffbe200457a781", "factor2": "546032", "vc": "FA123166_U", "appkey": "d26860ee49570c9d61e90b3611a4e7a43831ca236a7ceb5d359792398f5b3304", "imei": "abc1234"}
2025-09-28 21:06:21 IST - urllib3.connectionpool - DEBUG - Starting new HTTPS connection (1): api.shoonya.com:443
2025-09-28 21:06:21 IST - urllib3.connectionpool - DEBUG - https://api.shoonya.com:443 "POST /NorenWClientTP//QuickAuth HTTP/1.1" 200 2011
2025-09-28 21:06:21 IST - NorenRestApiPy.NorenApi - DEBUG - Reply:{"request_time":"21:06:20 28-09-2025","actid":"FA123166","access_type":["WEB","TT","MOB","API"],"uname":"SUCHISMITA  PRADHAN","prarr":[{"prd":"C","s_prdt_ali":"CNC","exch":["NSE","BSE","NIPO","BSTAR"]},{"prd":"M","s_prdt_ali":"NRML","exch":["NFO","BFO","CDS","BCD"]},{"prd":"I","s_prdt_ali":"MIS","exch":["NSE","BSE","NFO","BFO","CDS","BCD"]},{"prd":"H","s_prdt_ali":"CO","exch":["NSE","NFO","CDS","BSE"]},{"prd":"B","s_prdt_ali":"BO","exch":["NSE","NFO","CDS","BSE"]}],"exch_prd":[{"exch":"NSE","prds":["C","I","H","B"]},{"exch":"NIPO","prds":["C"]},{"exch":"NFO","prds":["M","I","H","B"]},{"exch":"CDS","prds":["M","I","H","B"]},{"exch":"BSE","prds":["C","I","H","B"]},{"exch":"BCD","prds":["M","I"]},{"exch":"BSTAR","prds":["C"]},{"exch":"BFO","prds":["M","I"]}],"stat":"Ok","susertoken":"ee2d448214ffcefa52f61d2b212308c94bd55f23939e9ea86ac22ba03fa433ee","susertokenspl":"e58d9e7898def7507ea6fdaf83dc9f91102b4cb9fa85732277b7edd84ac19f96","email":"mailamiya@gmail.com","uid":"FA123166","brnchid":"HO","totp_set":"1","m_num":"7972222833","orarr":["MKT","LMT","SL-LMT","SL-MKT"],"exarr":["NSE","NIPO","NFO","CDS","BSE","BCD","BSTAR","BFO"],"values":["1"],"mws":{"1":[{"exch":"NSE","token":"19525","tsym":"IITL-EQ","cname":"INDUSTRIAL INV TRUST LTD","instname":"EQ","pp":"2","ls":"1","ti":"0.01"},{"exch":"NSE","token":"3672","tsym":"SOLARA-EQ","cname":"SOLARA ACTIVE PHA SCI LTD","instname":"EQ","pp":"2","ls":"1","ti":"0.05"},{"exch":"NSE","token":"12024","tsym":"ACI-EQ","cname":"ARCHEAN CHEMICAL IND LTD","instname":"EQ","pp":"2","ls":"1","ti":"0.05"},{"exch":"NSE","token":"13091","tsym":"EKC-EQ","cname":"EVEREST KANTO CYLINDERLTD","instname":"EQ","pp":"2","ls":"1","ti":"0.01"},{"exch":"NSE","token":"13725","tsym":"DCBBANK-EQ","cname":"DCB BANK LIMITED","instname":"EQ","pp":"2","ls":"1","ti":"0.01"},{"exch":"NSE","token":"17438","tsym":"OIL-EQ","cname":"OIL INDIA LTD","instname":"EQ","pp":"2","ls":"1","ti":"0.05"}]},"brkname":"FINV","dmsg":"","lastaccesstime":"1759073780","lastpwdtime":"1756871126"}
2025-09-28 21:06:21 IST - logging_setup - INFO - ✅ Broker login successful
2025-09-28 21:06:21 IST - werkzeug - INFO - [31m[1mWARNING: This is a development server. Do not use it in a production deployment. Use a production WSGI server instead.[0m
 * Running on all addresses (0.0.0.0)
 * Running on http://127.0.0.1:5000
 * Running on http://192.168.1.219:5000
2025-09-28 21:06:21 IST - werkzeug - INFO - [33mPress CTRL+C to quit[0m
2025-09-28 21:06:33 IST - werkzeug - INFO - 127.0.0.1 - - [28/Sep/2025 16:36:33] "POST /chartink-webhook HTTP/1.1" 200 -
2025-09-28 21:06:33 IST - NorenRestApiPy.NorenApi - DEBUG - https://api.shoonya.com/NorenWClientTP//PlaceOrder
2025-09-28 21:06:33 IST - NorenRestApiPy.NorenApi - DEBUG - jData={"ordersource": "API", "uid": "FA123166", "actid": "FA123166", "trantype": "B", "prd": "I", "exch": "NSE", "tsym": "RELIANCE-EQ", "qty": "10", "dscqty": "0", "prctyp": "MKT", "prc": "0", "trgprc": "0", "ret": "DAY", "remarks": "Chartink_RELIANCE"}&jKey=ee2d448214ffcefa52f61d2b212308c94bd55f23939e9ea86ac22ba03fa433ee
2025-09-28 21:06:33 IST - urllib3.connectionpool - DEBUG - Starting new HTTPS connection (1): api.shoonya.com:443
2025-09-28 21:06:34 IST - urllib3.connectionpool - DEBUG - https://api.shoonya.com:443 "POST /NorenWClientTP//PlaceOrder HTTP/1.1" 200 80
2025-09-28 21:06:34 IST - NorenRestApiPy.NorenApi - DEBUG - {"request_time":"21:06:34 28-09-2025","stat":"Ok","norenordno":"25092700009501"}
2025-09-28 21:06:34 IST - NorenRestApiPy.NorenApi - DEBUG - https://api.shoonya.com/NorenWClientTP//PositionBook
2025-09-28 21:06:34 IST - NorenRestApiPy.NorenApi - DEBUG - jData={"uid": "FA123166", "actid": "FA123166"}&jKey=ee2d448214ffcefa52f61d2b212308c94bd55f23939e9ea86ac22ba03fa433ee
2025-09-28 21:06:34 IST - urllib3.connectionpool - DEBUG - Starting new HTTPS connection (1): api.shoonya.com:443
2025-09-28 21:06:35 IST - urllib3.connectionpool - DEBUG - https://api.shoonya.com:443 "POST /NorenWClientTP//PositionBook HTTP/1.1" 200 94
2025-09-28 21:06:35 IST - NorenRestApiPy.NorenApi - DEBUG - {"stat":"Not_Ok","request_time":"21:06:34 28-09-2025","emsg":"Error Occurred : 5 \"no data\""}
2025-09-28 21:06:40 IST - NorenRestApiPy.NorenApi - DEBUG - https://api.shoonya.com/NorenWClientTP//PositionBook
2025-09-28 21:06:40 IST - NorenRestApiPy.NorenApi - DEBUG - jData={"uid": "FA123166", "actid": "FA123166"}&jKey=ee2d448214ffcefa52f61d2b212308c94bd55f23939e9ea86ac22ba03fa433ee
2025-09-28 21:06:40 IST - urllib3.connectionpool - DEBUG - Starting new HTTPS connection (1): api.shoonya.com:443
2025-09-28 21:06:40 IST - urllib3.connectionpool - DEBUG - https://api.shoonya.com:443 "POST /NorenWClientTP//PositionBook HTTP/1.1" 200 94
2025-09-28 21:06:40 IST - NorenRestApiPy.NorenApi - DEBUG - {"stat":"Not_Ok","request_time":"21:06:40 28-09-2025","emsg":"Error Occurred : 5 \"no data\""}
2025-09-28 21:17:13 IST - logging_setup - INFO - Application starting - Logging to logs\2025-09-28_chartink_app.log (Mode: DEBUG)
2025-09-28 21:17:13 IST - logging_setup - INFO - Alert worker thread started
2025-09-28 21:17:13 IST - logging_setup - INFO - Attempting broker client login...
2025-09-28 21:17:13 IST - NorenRestApiPy.NorenApi - DEBUG - https://api.shoonya.com/NorenWClientTP//QuickAuth
2025-09-28 21:17:13 IST - NorenRestApiPy.NorenApi - DEBUG - Req:jData={"source": "API", "apkversion": "1.0.0", "uid": "FA123166", "pwd": "508d42eb2263c0a1df426bfaf9b43b1d090838b7e02ee17c11ffbe200457a781", "factor2": "515772", "vc": "FA123166_U", "appkey": "d26860ee49570c9d61e90b3611a4e7a43831ca236a7ceb5d359792398f5b3304", "imei": "abc1234"}
2025-09-28 21:17:13 IST - urllib3.connectionpool - DEBUG - Starting new HTTPS connection (1): api.shoonya.com:443
2025-09-28 21:17:14 IST - urllib3.connectionpool - DEBUG - https://api.shoonya.com:443 "POST /NorenWClientTP//QuickAuth HTTP/1.1" 200 2011
2025-09-28 21:17:14 IST - NorenRestApiPy.NorenApi - DEBUG - Reply:{"request_time":"21:17:13 28-09-2025","actid":"FA123166","access_type":["WEB","TT","MOB","API"],"uname":"SUCHISMITA  PRADHAN","prarr":[{"prd":"C","s_prdt_ali":"CNC","exch":["NSE","BSE","NIPO","BSTAR"]},{"prd":"M","s_prdt_ali":"NRML","exch":["NFO","BFO","CDS","BCD"]},{"prd":"I","s_prdt_ali":"MIS","exch":["NSE","BSE","NFO","BFO","CDS","BCD"]},{"prd":"H","s_prdt_ali":"CO","exch":["NSE","NFO","CDS","BSE"]},{"prd":"B","s_prdt_ali":"BO","exch":["NSE","NFO","CDS","BSE"]}],"exch_prd":[{"exch":"NSE","prds":["C","I","H","B"]},{"exch":"NIPO","prds":["C"]},{"exch":"NFO","prds":["M","I","H","B"]},{"exch":"CDS","prds":["M","I","H","B"]},{"exch":"BSE","prds":["C","I","H","B"]},{"exch":"BCD","prds":["M","I"]},{"exch":"BSTAR","prds":["C"]},{"exch":"BFO","prds":["M","I"]}],"stat":"Ok","susertoken":"fdb34d7c3361cef5ef87e16849a2b661d65906d54cede30af4d32ffba44c63b8","susertokenspl":"4ce4ff7406685d51c40fa0e55b5607cf14c8d7d4f802a54106be0dba5f001e11","email":"mailamiya@gmail.com","uid":"FA123166","brnchid":"HO","totp_set":"1","m_num":"7972222833","orarr":["MKT","LMT","SL-LMT","SL-MKT"],"exarr":["NSE","NIPO","NFO","CDS","BSE","BCD","BSTAR","BFO"],"values":["1"],"mws":{"1":[{"exch":"NSE","token":"19525","tsym":"IITL-EQ","cname":"INDUSTRIAL INV TRUST LTD","instname":"EQ","pp":"2","ls":"1","ti":"0.01"},{"exch":"NSE","token":"3672","tsym":"SOLARA-EQ","cname":"SOLARA ACTIVE PHA SCI LTD","instname":"EQ","pp":"2","ls":"1","ti":"0.05"},{"exch":"NSE","token":"12024","tsym":"ACI-EQ","cname":"ARCHEAN CHEMICAL IND LTD","instname":"EQ","pp":"2","ls":"1","ti":"0.05"},{"exch":"NSE","token":"13091","tsym":"EKC-EQ","cname":"EVEREST KANTO CYLINDERLTD","instname":"EQ","pp":"2","ls":"1","ti":"0.01"},{"exch":"NSE","token":"13725","tsym":"DCBBANK-EQ","cname":"DCB BANK LIMITED","instname":"EQ","pp":"2","ls":"1","ti":"0.01"},{"exch":"NSE","token":"17438","tsym":"OIL-EQ","cname":"OIL INDIA LTD","instname":"EQ","pp":"2","ls":"1","ti":"0.05"}]},"brkname":"FINV","dmsg":"","lastaccesstime":"1759074433","lastpwdtime":"1756871126"}
2025-09-28 21:17:14 IST - logging_setup - INFO - ✅ Broker login successful
2025-09-28 21:17:14 IST - logging_setup - INFO - 🚀 Starting Chartink Webhook Server...
2025-09-28 21:17:14 IST - werkzeug - INFO - [31m[1mWARNING: This is a development server. Do not use it in a production deployment. Use a production WSGI server instead.[0m
 * Running on all addresses (0.0.0.0)
 * Running on http://127.0.0.1:5000
 * Running on http://192.168.1.219:5000
2025-09-28 21:17:14 IST - werkzeug - INFO - [33mPress CTRL+C to quit[0m
2025-09-28 21:17:48 IST - logging_setup - INFO - Webhook alert received: {'stocks': 'RELIANCE', 'trigger_prices': '2520.5', 'scan_name': 'Breakout', 'alert_name': 'Test Alert', 'triggered_at': '10:15 am'}
2025-09-28 21:17:48 IST - werkzeug - INFO - 127.0.0.1 - - [28/Sep/2025 16:47:48] "POST /chartink-webhook HTTP/1.1" 200 -
2025-09-28 21:17:48 IST - logging_setup - DEBUG - Processing alert: {'stocks': 'RELIANCE', 'trigger_prices': '2520.5', 'scan_name': 'Breakout', 'alert_name': 'Test Alert', 'triggered_at': '10:15 am'}
2025-09-28 21:17:48 IST - logging_setup - DEBUG - Placing buy order for RELIANCE @ 2520.5
2025-09-28 21:17:48 IST - NorenRestApiPy.NorenApi - DEBUG - https://api.shoonya.com/NorenWClientTP//PlaceOrder
2025-09-28 21:17:48 IST - NorenRestApiPy.NorenApi - DEBUG - jData={"ordersource": "API", "uid": "FA123166", "actid": "FA123166", "trantype": "B", "prd": "I", "exch": "NSE", "tsym": "RELIANCE-EQ", "qty": "10", "dscqty": "0", "prctyp": "MKT", "prc": "0", "trgprc": "0", "ret": "DAY", "remarks": "Chartink_RELIANCE"}&jKey=fdb34d7c3361cef5ef87e16849a2b661d65906d54cede30af4d32ffba44c63b8
2025-09-28 21:17:48 IST - urllib3.connectionpool - DEBUG - Starting new HTTPS connection (1): api.shoonya.com:443
2025-09-28 21:17:48 IST - urllib3.connectionpool - DEBUG - https://api.shoonya.com:443 "POST /NorenWClientTP//PlaceOrder HTTP/1.1" 200 80
2025-09-28 21:17:48 IST - NorenRestApiPy.NorenApi - DEBUG - {"request_time":"21:17:47 28-09-2025","stat":"Ok","norenordno":"25092700009506"}
2025-09-28 21:17:48 IST - logging_setup - INFO - ✅ Order placed successfully: RELIANCE-EQ, order id: 25092700009506
2025-09-28 21:17:48 IST - logging_setup - INFO - Alert processed for RELIANCE, status=SUCCESS
2025-09-28 21:17:48 IST - logging_setup - DEBUG - Confirming position for RELIANCE-EQ
2025-09-28 21:17:48 IST - NorenRestApiPy.NorenApi - DEBUG - https://api.shoonya.com/NorenWClientTP//PositionBook
2025-09-28 21:17:48 IST - NorenRestApiPy.NorenApi - DEBUG - jData={"uid": "FA123166", "actid": "FA123166"}&jKey=fdb34d7c3361cef5ef87e16849a2b661d65906d54cede30af4d32ffba44c63b8
2025-09-28 21:17:48 IST - urllib3.connectionpool - DEBUG - Starting new HTTPS connection (1): api.shoonya.com:443
2025-09-28 21:17:49 IST - urllib3.connectionpool - DEBUG - https://api.shoonya.com:443 "POST /NorenWClientTP//PositionBook HTTP/1.1" 200 94
2025-09-28 21:17:49 IST - NorenRestApiPy.NorenApi - DEBUG - {"stat":"Not_Ok","request_time":"21:17:48 28-09-2025","emsg":"Error Occurred : 5 \"no data\""}
2025-09-28 21:17:49 IST - logging_setup - DEBUG - Positions fetched: []
2025-09-28 21:17:49 IST - logging_setup - DEBUG - Attempt 1: Position not found for RELIANCE-EQ
2025-09-28 21:17:54 IST - NorenRestApiPy.NorenApi - DEBUG - https://api.shoonya.com/NorenWClientTP//PositionBook
2025-09-28 21:17:54 IST - NorenRestApiPy.NorenApi - DEBUG - jData={"uid": "FA123166", "actid": "FA123166"}&jKey=fdb34d7c3361cef5ef87e16849a2b661d65906d54cede30af4d32ffba44c63b8
2025-09-28 21:17:54 IST - urllib3.connectionpool - DEBUG - Starting new HTTPS connection (1): api.shoonya.com:443
2025-09-28 21:17:54 IST - urllib3.connectionpool - DEBUG - https://api.shoonya.com:443 "POST /NorenWClientTP//PositionBook HTTP/1.1" 200 94
2025-09-28 21:17:54 IST - NorenRestApiPy.NorenApi - DEBUG - {"stat":"Not_Ok","request_time":"21:17:53 28-09-2025","emsg":"Error Occurred : 5 \"no data\""}
2025-09-28 21:17:54 IST - logging_setup - DEBUG - Positions fetched: []
2025-09-28 21:17:54 IST - logging_setup - DEBUG - Attempt 2: Position not found for RELIANCE-EQ
2025-09-28 21:17:59 IST - logging_setup - ERROR - ❌ Position not found after retries: RELIANCE-EQ
2025-09-29 00:17:54 IST - logging_setup - INFO - Webhook alert received: {'stocks': 'BDL', 'trigger_prices': '2520.5', 'scan_name': 'Breakout', 'alert_name': 'Test Alert', 'triggered_at': '10:15 am'}
2025-09-29 00:17:54 IST - werkzeug - INFO - 127.0.0.1 - - [28/Sep/2025 19:47:54] "POST /chartink-webhook HTTP/1.1" 200 -
2025-09-29 00:17:54 IST - logging_setup - DEBUG - Processing alert: {'stocks': 'BDL', 'trigger_prices': '2520.5', 'scan_name': 'Breakout', 'alert_name': 'Test Alert', 'triggered_at': '10:15 am'}
2025-09-29 00:17:54 IST - logging_setup - DEBUG - Placing buy order for BDL @ 2520.5
2025-09-29 00:17:54 IST - NorenRestApiPy.NorenApi - DEBUG - https://api.shoonya.com/NorenWClientTP//PlaceOrder
2025-09-29 00:17:54 IST - NorenRestApiPy.NorenApi - DEBUG - jData={"ordersource": "API", "uid": "FA123166", "actid": "FA123166", "trantype": "B", "prd": "I", "exch": "NSE", "tsym": "BDL-EQ", "qty": "10", "dscqty": "0", "prctyp": "MKT", "prc": "0", "trgprc": "0", "ret": "DAY", "remarks": "Chartink_BDL"}&jKey=fdb34d7c3361cef5ef87e16849a2b661d65906d54cede30af4d32ffba44c63b8
2025-09-29 00:17:54 IST - urllib3.connectionpool - DEBUG - Starting new HTTPS connection (1): api.shoonya.com:443
2025-09-29 00:17:55 IST - urllib3.connectionpool - DEBUG - https://api.shoonya.com:443 "POST /NorenWClientTP//PlaceOrder HTTP/1.1" 200 80
2025-09-29 00:17:55 IST - NorenRestApiPy.NorenApi - DEBUG - {"request_time":"00:17:54 29-09-2025","stat":"Ok","norenordno":"25092700013396"}
2025-09-29 00:17:55 IST - logging_setup - INFO - ✅ Order placed successfully: BDL-EQ, order id: 25092700013396
2025-09-29 00:17:55 IST - logging_setup - INFO - Alert processed for BDL, status=SUCCESS
2025-09-29 00:17:55 IST - logging_setup - DEBUG - Confirming position for BDL-EQ
2025-09-29 00:17:55 IST - NorenRestApiPy.NorenApi - DEBUG - https://api.shoonya.com/NorenWClientTP//PositionBook
2025-09-29 00:17:55 IST - NorenRestApiPy.NorenApi - DEBUG - jData={"uid": "FA123166", "actid": "FA123166"}&jKey=fdb34d7c3361cef5ef87e16849a2b661d65906d54cede30af4d32ffba44c63b8
2025-09-29 00:17:55 IST - urllib3.connectionpool - DEBUG - Starting new HTTPS connection (1): api.shoonya.com:443
2025-09-29 00:17:55 IST - urllib3.connectionpool - DEBUG - https://api.shoonya.com:443 "POST /NorenWClientTP//PositionBook HTTP/1.1" 200 94
2025-09-29 00:17:55 IST - NorenRestApiPy.NorenApi - DEBUG - {"stat":"Not_Ok","request_time":"00:17:55 29-09-2025","emsg":"Error Occurred : 5 \"no data\""}
2025-09-29 00:17:55 IST - logging_setup - DEBUG - Positions fetched: []
2025-09-29 00:17:55 IST - logging_setup - DEBUG - Attempt 1: Position not found for BDL-EQ
2025-09-29 00:18:00 IST - NorenRestApiPy.NorenApi - DEBUG - https://api.shoonya.com/NorenWClientTP//PositionBook
2025-09-29 00:18:00 IST - NorenRestApiPy.NorenApi - DEBUG - jData={"uid": "FA123166", "actid": "FA123166"}&jKey=fdb34d7c3361cef5ef87e16849a2b661d65906d54cede30af4d32ffba44c63b8
2025-09-29 00:18:00 IST - urllib3.connectionpool - DEBUG - Starting new HTTPS connection (1): api.shoonya.com:443
2025-09-29 00:18:01 IST - urllib3.connectionpool - DEBUG - https://api.shoonya.com:443 "POST /NorenWClientTP//PositionBook HTTP/1.1" 200 94
2025-09-29 00:18:01 IST - NorenRestApiPy.NorenApi - DEBUG - {"stat":"Not_Ok","request_time":"00:18:00 29-09-2025","emsg":"Error Occurred : 5 \"no data\""}
2025-09-29 00:18:01 IST - logging_setup - DEBUG - Positions fetched: []
2025-09-29 00:18:01 IST - logging_setup - DEBUG - Attempt 2: Position not found for BDL-EQ
2025-09-29 00:18:06 IST - logging_setup - ERROR - ❌ Position not found after retries: BDL-EQ
2025-09-29 01:09:46 IST - logging_setup - INFO - Application starting - Logging to logs\2025-09-28_chartink_app.log (Mode: DEBUG)
2025-09-29 01:09:46 IST - logging_setup - INFO - Alert worker thread started
2025-09-29 01:09:46 IST - logging_setup - INFO - Attempting broker client login...
2025-09-29 01:09:46 IST - NorenRestApiPy.NorenApi - DEBUG - https://api.shoonya.com/NorenWClientTP//QuickAuth
2025-09-29 01:09:46 IST - NorenRestApiPy.NorenApi - DEBUG - Req:jData={"source": "API", "apkversion": "1.0.0", "uid": "FA123166", "pwd": "508d42eb2263c0a1df426bfaf9b43b1d090838b7e02ee17c11ffbe200457a781", "factor2": "218222", "vc": "FA123166_U", "appkey": "d26860ee49570c9d61e90b3611a4e7a43831ca236a7ceb5d359792398f5b3304", "imei": "abc1234"}
2025-09-29 01:09:46 IST - urllib3.connectionpool - DEBUG - Starting new HTTPS connection (1): api.shoonya.com:443
2025-09-29 01:09:47 IST - urllib3.connectionpool - DEBUG - https://api.shoonya.com:443 "POST /NorenWClientTP//QuickAuth HTTP/1.1" 200 2011
2025-09-29 01:09:47 IST - NorenRestApiPy.NorenApi - DEBUG - Reply:{"request_time":"01:09:46 29-09-2025","actid":"FA123166","access_type":["WEB","TT","MOB","API"],"uname":"SUCHISMITA  PRADHAN","prarr":[{"prd":"C","s_prdt_ali":"CNC","exch":["NSE","BSE","NIPO","BSTAR"]},{"prd":"M","s_prdt_ali":"NRML","exch":["NFO","BFO","CDS","BCD"]},{"prd":"I","s_prdt_ali":"MIS","exch":["NSE","BSE","NFO","BFO","CDS","BCD"]},{"prd":"H","s_prdt_ali":"CO","exch":["NSE","NFO","CDS","BSE"]},{"prd":"B","s_prdt_ali":"BO","exch":["NSE","NFO","CDS","BSE"]}],"exch_prd":[{"exch":"NSE","prds":["C","I","H","B"]},{"exch":"NIPO","prds":["C"]},{"exch":"NFO","prds":["M","I","H","B"]},{"exch":"CDS","prds":["M","I","H","B"]},{"exch":"BSE","prds":["C","I","H","B"]},{"exch":"BCD","prds":["M","I"]},{"exch":"BSTAR","prds":["C"]},{"exch":"BFO","prds":["M","I"]}],"stat":"Ok","susertoken":"d8acc083358ada8d742c510a11713a47ed01aea9596f201d88376e8be2bf266f","susertokenspl":"c90e470ff7a5f83162af58b43f7438abe25a90ac5ef0d9b5704920a38ace06d7","email":"mailamiya@gmail.com","uid":"FA123166","brnchid":"HO","totp_set":"1","m_num":"7972222833","orarr":["MKT","LMT","SL-LMT","SL-MKT"],"exarr":["NSE","NIPO","NFO","CDS","BSE","BCD","BSTAR","BFO"],"values":["1"],"mws":{"1":[{"exch":"NSE","token":"19525","tsym":"IITL-EQ","cname":"INDUSTRIAL INV TRUST LTD","instname":"EQ","pp":"2","ls":"1","ti":"0.01"},{"exch":"NSE","token":"3672","tsym":"SOLARA-EQ","cname":"SOLARA ACTIVE PHA SCI LTD","instname":"EQ","pp":"2","ls":"1","ti":"0.05"},{"exch":"NSE","token":"12024","tsym":"ACI-EQ","cname":"ARCHEAN CHEMICAL IND LTD","instname":"EQ","pp":"2","ls":"1","ti":"0.05"},{"exch":"NSE","token":"13091","tsym":"EKC-EQ","cname":"EVEREST KANTO CYLINDERLTD","instname":"EQ","pp":"2","ls":"1","ti":"0.01"},{"exch":"NSE","token":"13725","tsym":"DCBBANK-EQ","cname":"DCB BANK LIMITED","instname":"EQ","pp":"2","ls":"1","ti":"0.01"},{"exch":"NSE","token":"17438","tsym":"OIL-EQ","cname":"OIL INDIA LTD","instname":"EQ","pp":"2","ls":"1","ti":"0.05"}]},"brkname":"FINV","dmsg":"","lastaccesstime":"1759088386","lastpwdtime":"1756871126"}
2025-09-29 01:09:47 IST - logging_setup - INFO - ✅ Broker login successful
2025-09-29 01:09:47 IST - logging_setup - INFO - 🚀 Starting Chartink Webhook Server...
2025-09-29 01:09:47 IST - werkzeug - INFO - [31m[1mWARNING: This is a development server. Do not use it in a production deployment. Use a production WSGI server instead.[0m
 * Running on all addresses (0.0.0.0)
 * Running on http://127.0.0.1:5000
 * Running on http://192.168.1.219:5000
2025-09-29 01:09:47 IST - werkzeug - INFO - [33mPress CTRL+C to quit[0m
2025-09-29 01:11:25 IST - logging_setup - INFO - Webhook alert received: {'stocks': 'RELIANCE', 'trigger_prices': '2520.5', 'scan_name': 'Breakout', 'alert_name': 'Test Alert', 'triggered_at': '10:15 am'}
2025-09-29 01:11:25 IST - werkzeug - INFO - 127.0.0.1 - - [28/Sep/2025 20:41:25] "POST /chartink-webhook HTTP/1.1" 200 -
2025-09-29 01:11:25 IST - logging_setup - DEBUG - Processing alert: {'stocks': 'RELIANCE', 'trigger_prices': '2520.5', 'scan_name': 'Breakout', 'alert_name': 'Test Alert', 'triggered_at': '10:15 am'}
2025-09-29 01:11:25 IST - logging_setup - DEBUG - Placing buy order for RELIANCE @ 2520.5
2025-09-29 01:11:25 IST - NorenRestApiPy.NorenApi - DEBUG - https://api.shoonya.com/NorenWClientTP//PlaceOrder
2025-09-29 01:11:25 IST - NorenRestApiPy.NorenApi - DEBUG - jData={"ordersource": "API", "uid": "FA123166", "actid": "FA123166", "trantype": "B", "prd": "I", "exch": "NSE", "tsym": "RELIANCE-EQ", "qty": "10", "dscqty": "0", "prctyp": "MKT", "prc": "0", "trgprc": "0", "ret": "DAY", "remarks": "Chartink_RELIANCE"}&jKey=d8acc083358ada8d742c510a11713a47ed01aea9596f201d88376e8be2bf266f
2025-09-29 01:11:25 IST - urllib3.connectionpool - DEBUG - Starting new HTTPS connection (1): api.shoonya.com:443
2025-09-29 01:11:25 IST - urllib3.connectionpool - DEBUG - https://api.shoonya.com:443 "POST /NorenWClientTP//PlaceOrder HTTP/1.1" 200 80
2025-09-29 01:11:25 IST - NorenRestApiPy.NorenApi - DEBUG - {"request_time":"01:11:24 29-09-2025","stat":"Ok","norenordno":"25092700013436"}
2025-09-29 01:11:25 IST - logging_setup - INFO - ✅ Order placed successfully: RELIANCE-EQ, order id: 25092700013436
2025-09-29 01:11:25 IST - logging_setup - INFO - Alert processed for RELIANCE, status=SUCCESS, msg=Order placed for RELIANCE-EQ
2025-09-29 01:11:25 IST - logging_setup - DEBUG - Confirming position for RELIANCE-EQ
2025-09-29 01:11:25 IST - NorenRestApiPy.NorenApi - DEBUG - https://api.shoonya.com/NorenWClientTP//PositionBook
2025-09-29 01:11:25 IST - NorenRestApiPy.NorenApi - DEBUG - jData={"uid": "FA123166", "actid": "FA123166"}&jKey=d8acc083358ada8d742c510a11713a47ed01aea9596f201d88376e8be2bf266f
2025-09-29 01:11:25 IST - urllib3.connectionpool - DEBUG - Starting new HTTPS connection (1): api.shoonya.com:443
2025-09-29 01:11:26 IST - urllib3.connectionpool - DEBUG - https://api.shoonya.com:443 "POST /NorenWClientTP//PositionBook HTTP/1.1" 200 94
2025-09-29 01:11:26 IST - NorenRestApiPy.NorenApi - DEBUG - {"stat":"Not_Ok","request_time":"01:11:25 29-09-2025","emsg":"Error Occurred : 5 \"no data\""}
2025-09-29 01:11:26 IST - logging_setup - DEBUG - Positions fetched: []
2025-09-29 01:11:26 IST - logging_setup - DEBUG - Attempt 1: Position not found for RELIANCE-EQ
2025-09-29 01:11:31 IST - NorenRestApiPy.NorenApi - DEBUG - https://api.shoonya.com/NorenWClientTP//PositionBook
2025-09-29 01:11:31 IST - NorenRestApiPy.NorenApi - DEBUG - jData={"uid": "FA123166", "actid": "FA123166"}&jKey=d8acc083358ada8d742c510a11713a47ed01aea9596f201d88376e8be2bf266f
2025-09-29 01:11:31 IST - urllib3.connectionpool - DEBUG - Starting new HTTPS connection (1): api.shoonya.com:443
2025-09-29 01:11:31 IST - urllib3.connectionpool - DEBUG - https://api.shoonya.com:443 "POST /NorenWClientTP//PositionBook HTTP/1.1" 200 94
2025-09-29 01:11:31 IST - NorenRestApiPy.NorenApi - DEBUG - {"stat":"Not_Ok","request_time":"01:11:30 29-09-2025","emsg":"Error Occurred : 5 \"no data\""}
2025-09-29 01:11:31 IST - logging_setup - DEBUG - Positions fetched: []
2025-09-29 01:11:31 IST - logging_setup - DEBUG - Attempt 2: Position not found for RELIANCE-EQ
2025-09-29 01:11:36 IST - logging_setup - ERROR - ❌ Position not found after retries: RELIANCE-EQ
2025-09-29 01:16:27 IST - logging_setup - INFO - Application starting - Logging to logs\2025-09-28_chartink_app.log (Mode: DEBUG)
2025-09-29 01:16:28 IST - logging_setup - INFO - Alert worker thread started
2025-09-29 01:16:28 IST - logging_setup - INFO - Attempting broker client login...
2025-09-29 01:16:28 IST - NorenRestApiPy.NorenApi - DEBUG - https://api.shoonya.com/NorenWClientTP//QuickAuth
2025-09-29 01:16:28 IST - NorenRestApiPy.NorenApi - DEBUG - Req:jData={"source": "API", "apkversion": "1.0.0", "uid": "FA123166", "pwd": "508d42eb2263c0a1df426bfaf9b43b1d090838b7e02ee17c11ffbe200457a781", "factor2": "911399", "vc": "FA123166_U", "appkey": "d26860ee49570c9d61e90b3611a4e7a43831ca236a7ceb5d359792398f5b3304", "imei": "abc1234"}
2025-09-29 01:16:28 IST - urllib3.connectionpool - DEBUG - Starting new HTTPS connection (1): api.shoonya.com:443
2025-09-29 01:16:28 IST - urllib3.connectionpool - DEBUG - https://api.shoonya.com:443 "POST /NorenWClientTP//QuickAuth HTTP/1.1" 200 2011
2025-09-29 01:16:28 IST - NorenRestApiPy.NorenApi - DEBUG - Reply:{"request_time":"01:16:27 29-09-2025","actid":"FA123166","access_type":["WEB","TT","MOB","API"],"uname":"SUCHISMITA  PRADHAN","prarr":[{"prd":"C","s_prdt_ali":"CNC","exch":["NSE","BSE","NIPO","BSTAR"]},{"prd":"M","s_prdt_ali":"NRML","exch":["NFO","BFO","CDS","BCD"]},{"prd":"I","s_prdt_ali":"MIS","exch":["NSE","BSE","NFO","BFO","CDS","BCD"]},{"prd":"H","s_prdt_ali":"CO","exch":["NSE","NFO","CDS","BSE"]},{"prd":"B","s_prdt_ali":"BO","exch":["NSE","NFO","CDS","BSE"]}],"exch_prd":[{"exch":"NSE","prds":["C","I","H","B"]},{"exch":"NIPO","prds":["C"]},{"exch":"NFO","prds":["M","I","H","B"]},{"exch":"CDS","prds":["M","I","H","B"]},{"exch":"BSE","prds":["C","I","H","B"]},{"exch":"BCD","prds":["M","I"]},{"exch":"BSTAR","prds":["C"]},{"exch":"BFO","prds":["M","I"]}],"stat":"Ok","susertoken":"6cb9fa7e86b0babc8fe287582f7c59804e0dd89360c63e9824d4b4b63d716634","susertokenspl":"63b9ce72c44b0f3a43060e941171a3c3b74b7370b7578f1ca8c61f7fca521d3d","email":"mailamiya@gmail.com","uid":"FA123166","brnchid":"HO","totp_set":"1","m_num":"7972222833","orarr":["MKT","LMT","SL-LMT","SL-MKT"],"exarr":["NSE","NIPO","NFO","CDS","BSE","BCD","BSTAR","BFO"],"values":["1"],"mws":{"1":[{"exch":"NSE","token":"19525","tsym":"IITL-EQ","cname":"INDUSTRIAL INV TRUST LTD","instname":"EQ","pp":"2","ls":"1","ti":"0.01"},{"exch":"NSE","token":"3672","tsym":"SOLARA-EQ","cname":"SOLARA ACTIVE PHA SCI LTD","instname":"EQ","pp":"2","ls":"1","ti":"0.05"},{"exch":"NSE","token":"12024","tsym":"ACI-EQ","cname":"ARCHEAN CHEMICAL IND LTD","instname":"EQ","pp":"2","ls":"1","ti":"0.05"},{"exch":"NSE","token":"13091","tsym":"EKC-EQ","cname":"EVEREST KANTO CYLINDERLTD","instname":"EQ","pp":"2","ls":"1","ti":"0.01"},{"exch":"NSE","token":"13725","tsym":"DCBBANK-EQ","cname":"DCB BANK LIMITED","instname":"EQ","pp":"2","ls":"1","ti":"0.01"},{"exch":"NSE","token":"17438","tsym":"OIL-EQ","cname":"OIL INDIA LTD","instname":"EQ","pp":"2","ls":"1","ti":"0.05"}]},"brkname":"FINV","dmsg":"","lastaccesstime":"1759088787","lastpwdtime":"1756871126"}
2025-09-29 01:16:28 IST - logging_setup - INFO - ✅ Broker login successful
2025-09-29 01:16:28 IST - logging_setup - INFO - 🚀 Starting Chartink Webhook Server...
2025-09-29 01:16:28 IST - werkzeug - INFO - [31m[1mWARNING: This is a development server. Do not use it in a production deployment. Use a production WSGI server instead.[0m
 * Running on all addresses (0.0.0.0)
 * Running on http://127.0.0.1:5000
 * Running on http://192.168.1.219:5000
2025-09-29 01:16:28 IST - werkzeug - INFO - [33mPress CTRL+C to quit[0m
2025-09-29 01:16:35 IST - werkzeug - INFO - 127.0.0.1 - - [28/Sep/2025 20:46:35] "[33mGET /health HTTP/1.1[0m" 404 -
2025-09-29 01:16:43 IST - logging_setup - INFO - Application starting - Logging to logs\2025-09-28_chartink_app.log (Mode: DEBUG)
2025-09-29 01:16:43 IST - logging_setup - INFO - Alert worker thread started
2025-09-29 01:16:43 IST - logging_setup - INFO - Attempting broker client login...
2025-09-29 01:16:43 IST - NorenRestApiPy.NorenApi - DEBUG - https://api.shoonya.com/NorenWClientTP//QuickAuth
2025-09-29 01:16:43 IST - NorenRestApiPy.NorenApi - DEBUG - Req:jData={"source": "API", "apkversion": "1.0.0", "uid": "FA123166", "pwd": "508d42eb2263c0a1df426bfaf9b43b1d090838b7e02ee17c11ffbe200457a781", "factor2": "110096", "vc": "FA123166_U", "appkey": "d26860ee49570c9d61e90b3611a4e7a43831ca236a7ceb5d359792398f5b3304", "imei": "abc1234"}
2025-09-29 01:16:43 IST - urllib3.connectionpool - DEBUG - Starting new HTTPS connection (1): api.shoonya.com:443
2025-09-29 01:16:43 IST - urllib3.connectionpool - DEBUG - https://api.shoonya.com:443 "POST /NorenWClientTP//QuickAuth HTTP/1.1" 200 2011
2025-09-29 01:16:43 IST - NorenRestApiPy.NorenApi - DEBUG - Reply:{"request_time":"01:16:43 29-09-2025","actid":"FA123166","access_type":["WEB","TT","MOB","API"],"uname":"SUCHISMITA  PRADHAN","prarr":[{"prd":"C","s_prdt_ali":"CNC","exch":["NSE","BSE","NIPO","BSTAR"]},{"prd":"M","s_prdt_ali":"NRML","exch":["NFO","BFO","CDS","BCD"]},{"prd":"I","s_prdt_ali":"MIS","exch":["NSE","BSE","NFO","BFO","CDS","BCD"]},{"prd":"H","s_prdt_ali":"CO","exch":["NSE","NFO","CDS","BSE"]},{"prd":"B","s_prdt_ali":"BO","exch":["NSE","NFO","CDS","BSE"]}],"exch_prd":[{"exch":"NSE","prds":["C","I","H","B"]},{"exch":"NIPO","prds":["C"]},{"exch":"NFO","prds":["M","I","H","B"]},{"exch":"CDS","prds":["M","I","H","B"]},{"exch":"BSE","prds":["C","I","H","B"]},{"exch":"BCD","prds":["M","I"]},{"exch":"BSTAR","prds":["C"]},{"exch":"BFO","prds":["M","I"]}],"stat":"Ok","susertoken":"5579a1fe6821e3023927371a728da803e7e98f2e1b1cc3c68bfce4db4dd7c77d","susertokenspl":"d81a3cf6bd097383c793bb7f73771507c70b28e1090bb54a74917b0176bd51ff","email":"mailamiya@gmail.com","uid":"FA123166","brnchid":"HO","totp_set":"1","m_num":"7972222833","orarr":["MKT","LMT","SL-LMT","SL-MKT"],"exarr":["NSE","NIPO","NFO","CDS","BSE","BCD","BSTAR","BFO"],"values":["1"],"mws":{"1":[{"exch":"NSE","token":"19525","tsym":"IITL-EQ","cname":"INDUSTRIAL INV TRUST LTD","instname":"EQ","pp":"2","ls":"1","ti":"0.01"},{"exch":"NSE","token":"3672","tsym":"SOLARA-EQ","cname":"SOLARA ACTIVE PHA SCI LTD","instname":"EQ","pp":"2","ls":"1","ti":"0.05"},{"exch":"NSE","token":"12024","tsym":"ACI-EQ","cname":"ARCHEAN CHEMICAL IND LTD","instname":"EQ","pp":"2","ls":"1","ti":"0.05"},{"exch":"NSE","token":"13091","tsym":"EKC-EQ","cname":"EVEREST KANTO CYLINDERLTD","instname":"EQ","pp":"2","ls":"1","ti":"0.01"},{"exch":"NSE","token":"13725","tsym":"DCBBANK-EQ","cname":"DCB BANK LIMITED","instname":"EQ","pp":"2","ls":"1","ti":"0.01"},{"exch":"NSE","token":"17438","tsym":"OIL-EQ","cname":"OIL INDIA LTD","instname":"EQ","pp":"2","ls":"1","ti":"0.05"}]},"brkname":"FINV","dmsg":"","lastaccesstime":"1759088803","lastpwdtime":"1756871126"}
2025-09-29 01:16:43 IST - logging_setup - INFO - ✅ Broker login successful
2025-09-29 01:16:43 IST - logging_setup - INFO - 🚀 Starting Chartink Webhook Server...
2025-09-29 01:18:05 IST - logging_setup - INFO - Application starting - Logging to logs\2025-09-28_chartink_app.log (Mode: DEBUG)
2025-09-29 01:18:05 IST - logging_setup - INFO - Alert worker thread started
2025-09-29 01:18:05 IST - logging_setup - INFO - Attempting broker client login...
2025-09-29 01:18:05 IST - NorenRestApiPy.NorenApi - DEBUG - https://api.shoonya.com/NorenWClientTP//QuickAuth
2025-09-29 01:18:05 IST - NorenRestApiPy.NorenApi - DEBUG - Req:jData={"source": "API", "apkversion": "1.0.0", "uid": "FA123166", "pwd": "508d42eb2263c0a1df426bfaf9b43b1d090838b7e02ee17c11ffbe200457a781", "factor2": "073724", "vc": "FA123166_U", "appkey": "d26860ee49570c9d61e90b3611a4e7a43831ca236a7ceb5d359792398f5b3304", "imei": "abc1234"}
2025-09-29 01:18:05 IST - urllib3.connectionpool - DEBUG - Starting new HTTPS connection (1): api.shoonya.com:443
2025-09-29 01:18:06 IST - urllib3.connectionpool - DEBUG - https://api.shoonya.com:443 "POST /NorenWClientTP//QuickAuth HTTP/1.1" 200 2011
2025-09-29 01:18:06 IST - NorenRestApiPy.NorenApi - DEBUG - Reply:{"request_time":"01:18:05 29-09-2025","actid":"FA123166","access_type":["WEB","TT","MOB","API"],"uname":"SUCHISMITA  PRADHAN","prarr":[{"prd":"C","s_prdt_ali":"CNC","exch":["NSE","BSE","NIPO","BSTAR"]},{"prd":"M","s_prdt_ali":"NRML","exch":["NFO","BFO","CDS","BCD"]},{"prd":"I","s_prdt_ali":"MIS","exch":["NSE","BSE","NFO","BFO","CDS","BCD"]},{"prd":"H","s_prdt_ali":"CO","exch":["NSE","NFO","CDS","BSE"]},{"prd":"B","s_prdt_ali":"BO","exch":["NSE","NFO","CDS","BSE"]}],"exch_prd":[{"exch":"NSE","prds":["C","I","H","B"]},{"exch":"NIPO","prds":["C"]},{"exch":"NFO","prds":["M","I","H","B"]},{"exch":"CDS","prds":["M","I","H","B"]},{"exch":"BSE","prds":["C","I","H","B"]},{"exch":"BCD","prds":["M","I"]},{"exch":"BSTAR","prds":["C"]},{"exch":"BFO","prds":["M","I"]}],"stat":"Ok","susertoken":"3c789a9ad5ea6364084bc938e62347e85063deaa928639e523ef5a259b801167","susertokenspl":"735e2b68bdd67b40f6f26c62b0b2e4749b7b1037c0e2a065fc86350f9d40d26a","email":"mailamiya@gmail.com","uid":"FA123166","brnchid":"HO","totp_set":"1","m_num":"7972222833","orarr":["MKT","LMT","SL-LMT","SL-MKT"],"exarr":["NSE","NIPO","NFO","CDS","BSE","BCD","BSTAR","BFO"],"values":["1"],"mws":{"1":[{"exch":"NSE","token":"19525","tsym":"IITL-EQ","cname":"INDUSTRIAL INV TRUST LTD","instname":"EQ","pp":"2","ls":"1","ti":"0.01"},{"exch":"NSE","token":"3672","tsym":"SOLARA-EQ","cname":"SOLARA ACTIVE PHA SCI LTD","instname":"EQ","pp":"2","ls":"1","ti":"0.05"},{"exch":"NSE","token":"12024","tsym":"ACI-EQ","cname":"ARCHEAN CHEMICAL IND LTD","instname":"EQ","pp":"2","ls":"1","ti":"0.05"},{"exch":"NSE","token":"13091","tsym":"EKC-EQ","cname":"EVEREST KANTO CYLINDERLTD","instname":"EQ","pp":"2","ls":"1","ti":"0.01"},{"exch":"NSE","token":"13725","tsym":"DCBBANK-EQ","cname":"DCB BANK LIMITED","instname":"EQ","pp":"2","ls":"1","ti":"0.01"},{"exch":"NSE","token":"17438","tsym":"OIL-EQ","cname":"OIL INDIA LTD","instname":"EQ","pp":"2","ls":"1","ti":"0.05"}]},"brkname":"FINV","dmsg":"","lastaccesstime":"1759088885","lastpwdtime":"1756871126"}
2025-09-29 01:18:06 IST - logging_setup - INFO - ✅ Broker login successful
2025-09-29 01:18:06 IST - logging_setup - INFO - 🚀 Starting Chartink Webhook Server...
2025-09-29 01:18:06 IST - werkzeug - INFO - [31m[1mWARNING: This is a development server. Do not use it in a production deployment. Use a production WSGI server instead.[0m
 * Running on all addresses (0.0.0.0)
 * Running on http://127.0.0.1:5000
 * Running on http://192.168.1.219:5000
2025-09-29 01:18:06 IST - werkzeug - INFO - [33mPress CTRL+C to quit[0m
2025-09-29 01:18:10 IST - logging_setup - INFO - Application starting - Logging to logs\2025-09-28_chartink_app.log (Mode: DEBUG)
2025-09-29 01:18:10 IST - logging_setup - INFO - Alert worker thread started
2025-09-29 01:18:10 IST - logging_setup - INFO - Attempting broker client login...
2025-09-29 01:18:10 IST - NorenRestApiPy.NorenApi - DEBUG - https://api.shoonya.com/NorenWClientTP//QuickAuth
2025-09-29 01:18:10 IST - NorenRestApiPy.NorenApi - DEBUG - Req:jData={"source": "API", "apkversion": "1.0.0", "uid": "FA123166", "pwd": "508d42eb2263c0a1df426bfaf9b43b1d090838b7e02ee17c11ffbe200457a781", "factor2": "073724", "vc": "FA123166_U", "appkey": "d26860ee49570c9d61e90b3611a4e7a43831ca236a7ceb5d359792398f5b3304", "imei": "abc1234"}
2025-09-29 01:18:10 IST - urllib3.connectionpool - DEBUG - Starting new HTTPS connection (1): api.shoonya.com:443
2025-09-29 01:18:11 IST - urllib3.connectionpool - DEBUG - https://api.shoonya.com:443 "POST /NorenWClientTP//QuickAuth HTTP/1.1" 200 2011
2025-09-29 01:18:11 IST - NorenRestApiPy.NorenApi - DEBUG - Reply:{"request_time":"01:18:10 29-09-2025","actid":"FA123166","access_type":["WEB","TT","MOB","API"],"uname":"SUCHISMITA  PRADHAN","prarr":[{"prd":"C","s_prdt_ali":"CNC","exch":["NSE","BSE","NIPO","BSTAR"]},{"prd":"M","s_prdt_ali":"NRML","exch":["NFO","BFO","CDS","BCD"]},{"prd":"I","s_prdt_ali":"MIS","exch":["NSE","BSE","NFO","BFO","CDS","BCD"]},{"prd":"H","s_prdt_ali":"CO","exch":["NSE","NFO","CDS","BSE"]},{"prd":"B","s_prdt_ali":"BO","exch":["NSE","NFO","CDS","BSE"]}],"exch_prd":[{"exch":"NSE","prds":["C","I","H","B"]},{"exch":"NIPO","prds":["C"]},{"exch":"NFO","prds":["M","I","H","B"]},{"exch":"CDS","prds":["M","I","H","B"]},{"exch":"BSE","prds":["C","I","H","B"]},{"exch":"BCD","prds":["M","I"]},{"exch":"BSTAR","prds":["C"]},{"exch":"BFO","prds":["M","I"]}],"stat":"Ok","susertoken":"550cf153265fe663d7d56e58bb134070ad0e722a775971c10af151b13de12d4f","susertokenspl":"0464182feec3465f4d4dc3f22af684c596d3d681429af9cfe828340437cbfd4c","email":"mailamiya@gmail.com","uid":"FA123166","brnchid":"HO","totp_set":"1","m_num":"7972222833","orarr":["MKT","LMT","SL-LMT","SL-MKT"],"exarr":["NSE","NIPO","NFO","CDS","BSE","BCD","BSTAR","BFO"],"values":["1"],"mws":{"1":[{"exch":"NSE","token":"19525","tsym":"IITL-EQ","cname":"INDUSTRIAL INV TRUST LTD","instname":"EQ","pp":"2","ls":"1","ti":"0.01"},{"exch":"NSE","token":"3672","tsym":"SOLARA-EQ","cname":"SOLARA ACTIVE PHA SCI LTD","instname":"EQ","pp":"2","ls":"1","ti":"0.05"},{"exch":"NSE","token":"12024","tsym":"ACI-EQ","cname":"ARCHEAN CHEMICAL IND LTD","instname":"EQ","pp":"2","ls":"1","ti":"0.05"},{"exch":"NSE","token":"13091","tsym":"EKC-EQ","cname":"EVEREST KANTO CYLINDERLTD","instname":"EQ","pp":"2","ls":"1","ti":"0.01"},{"exch":"NSE","token":"13725","tsym":"DCBBANK-EQ","cname":"DCB BANK LIMITED","instname":"EQ","pp":"2","ls":"1","ti":"0.01"},{"exch":"NSE","token":"17438","tsym":"OIL-EQ","cname":"OIL INDIA LTD","instname":"EQ","pp":"2","ls":"1","ti":"0.05"}]},"brkname":"FINV","dmsg":"","lastaccesstime":"1759088890","lastpwdtime":"1756871126"}
2025-09-29 01:18:11 IST - logging_setup - INFO - ✅ Broker login successful
2025-09-29 01:18:11 IST - logging_setup - INFO - 🚀 Starting Chartink Webhook Server...
2025-09-29 01:18:13 IST - werkzeug - INFO - 127.0.0.1 - - [28/Sep/2025 20:48:13] "[33mGET /health HTTP/1.1[0m" 404 -
2025-09-29 01:20:05 IST - logging_setup - INFO - Application starting - Logging to logs\2025-09-28_chartink_app.log (Mode: DEBUG)
2025-09-29 01:20:05 IST - logging_setup - INFO - Alert worker thread started
2025-09-29 01:20:05 IST - logging_setup - INFO - Attempting broker client login...
2025-09-29 01:20:05 IST - NorenRestApiPy.NorenApi - DEBUG - https://api.shoonya.com/NorenWClientTP//QuickAuth
2025-09-29 01:20:05 IST - NorenRestApiPy.NorenApi - DEBUG - Req:jData={"source": "API", "apkversion": "1.0.0", "uid": "FA123166", "pwd": "508d42eb2263c0a1df426bfaf9b43b1d090838b7e02ee17c11ffbe200457a781", "factor2": "734731", "vc": "FA123166_U", "appkey": "d26860ee49570c9d61e90b3611a4e7a43831ca236a7ceb5d359792398f5b3304", "imei": "abc1234"}
2025-09-29 01:20:05 IST - urllib3.connectionpool - DEBUG - Starting new HTTPS connection (1): api.shoonya.com:443
2025-09-29 01:20:05 IST - urllib3.connectionpool - DEBUG - https://api.shoonya.com:443 "POST /NorenWClientTP//QuickAuth HTTP/1.1" 200 2011
2025-09-29 01:20:05 IST - NorenRestApiPy.NorenApi - DEBUG - Reply:{"request_time":"01:20:04 29-09-2025","actid":"FA123166","access_type":["WEB","TT","MOB","API"],"uname":"SUCHISMITA  PRADHAN","prarr":[{"prd":"C","s_prdt_ali":"CNC","exch":["NSE","BSE","NIPO","BSTAR"]},{"prd":"M","s_prdt_ali":"NRML","exch":["NFO","BFO","CDS","BCD"]},{"prd":"I","s_prdt_ali":"MIS","exch":["NSE","BSE","NFO","BFO","CDS","BCD"]},{"prd":"H","s_prdt_ali":"CO","exch":["NSE","NFO","CDS","BSE"]},{"prd":"B","s_prdt_ali":"BO","exch":["NSE","NFO","CDS","BSE"]}],"exch_prd":[{"exch":"NSE","prds":["C","I","H","B"]},{"exch":"NIPO","prds":["C"]},{"exch":"NFO","prds":["M","I","H","B"]},{"exch":"CDS","prds":["M","I","H","B"]},{"exch":"BSE","prds":["C","I","H","B"]},{"exch":"BCD","prds":["M","I"]},{"exch":"BSTAR","prds":["C"]},{"exch":"BFO","prds":["M","I"]}],"stat":"Ok","susertoken":"a24d65e486f1c95679d24d2a61080d691f6b872a34dd37cb0b1f9a77c7288783","susertokenspl":"ef131e727905aa5576498b5c2d9c63ce4a9f846962df62c846d48d86455fa754","email":"mailamiya@gmail.com","uid":"FA123166","brnchid":"HO","totp_set":"1","m_num":"7972222833","orarr":["MKT","LMT","SL-LMT","SL-MKT"],"exarr":["NSE","NIPO","NFO","CDS","BSE","BCD","BSTAR","BFO"],"values":["1"],"mws":{"1":[{"exch":"NSE","token":"19525","tsym":"IITL-EQ","cname":"INDUSTRIAL INV TRUST LTD","instname":"EQ","pp":"2","ls":"1","ti":"0.01"},{"exch":"NSE","token":"3672","tsym":"SOLARA-EQ","cname":"SOLARA ACTIVE PHA SCI LTD","instname":"EQ","pp":"2","ls":"1","ti":"0.05"},{"exch":"NSE","token":"12024","tsym":"ACI-EQ","cname":"ARCHEAN CHEMICAL IND LTD","instname":"EQ","pp":"2","ls":"1","ti":"0.05"},{"exch":"NSE","token":"13091","tsym":"EKC-EQ","cname":"EVEREST KANTO CYLINDERLTD","instname":"EQ","pp":"2","ls":"1","ti":"0.01"},{"exch":"NSE","token":"13725","tsym":"DCBBANK-EQ","cname":"DCB BANK LIMITED","instname":"EQ","pp":"2","ls":"1","ti":"0.01"},{"exch":"NSE","token":"17438","tsym":"OIL-EQ","cname":"OIL INDIA LTD","instname":"EQ","pp":"2","ls":"1","ti":"0.05"}]},"brkname":"FINV","dmsg":"","lastaccesstime":"1759089004","lastpwdtime":"1756871126"}
2025-09-29 01:20:05 IST - logging_setup - INFO - ✅ Broker login successful
2025-09-29 01:20:05 IST - logging_setup - INFO - 🚀 Starting Chartink Webhook Server...
2025-09-29 01:20:05 IST - werkzeug - INFO - [31m[1mWARNING: This is a development server. Do not use it in a production deployment. Use a production WSGI server instead.[0m
 * Running on all addresses (0.0.0.0)
 * Running on http://127.0.0.1:5000
 * Running on http://192.168.1.219:5000
2025-09-29 01:20:05 IST - werkzeug - INFO - [33mPress CTRL+C to quit[0m
2025-09-29 01:20:10 IST - logging_setup - INFO - Application starting - Logging to logs\2025-09-28_chartink_app.log (Mode: DEBUG)
2025-09-29 01:20:10 IST - logging_setup - INFO - Alert worker thread started
2025-09-29 01:20:10 IST - logging_setup - INFO - Attempting broker client login...
2025-09-29 01:20:10 IST - NorenRestApiPy.NorenApi - DEBUG - https://api.shoonya.com/NorenWClientTP//QuickAuth
2025-09-29 01:20:10 IST - NorenRestApiPy.NorenApi - DEBUG - Req:jData={"source": "API", "apkversion": "1.0.0", "uid": "FA123166", "pwd": "508d42eb2263c0a1df426bfaf9b43b1d090838b7e02ee17c11ffbe200457a781", "factor2": "734731", "vc": "FA123166_U", "appkey": "d26860ee49570c9d61e90b3611a4e7a43831ca236a7ceb5d359792398f5b3304", "imei": "abc1234"}
2025-09-29 01:20:10 IST - urllib3.connectionpool - DEBUG - Starting new HTTPS connection (1): api.shoonya.com:443
2025-09-29 01:20:10 IST - urllib3.connectionpool - DEBUG - https://api.shoonya.com:443 "POST /NorenWClientTP//QuickAuth HTTP/1.1" 200 2011
2025-09-29 01:20:10 IST - NorenRestApiPy.NorenApi - DEBUG - Reply:{"request_time":"01:20:10 29-09-2025","actid":"FA123166","access_type":["WEB","TT","MOB","API"],"uname":"SUCHISMITA  PRADHAN","prarr":[{"prd":"C","s_prdt_ali":"CNC","exch":["NSE","BSE","NIPO","BSTAR"]},{"prd":"M","s_prdt_ali":"NRML","exch":["NFO","BFO","CDS","BCD"]},{"prd":"I","s_prdt_ali":"MIS","exch":["NSE","BSE","NFO","BFO","CDS","BCD"]},{"prd":"H","s_prdt_ali":"CO","exch":["NSE","NFO","CDS","BSE"]},{"prd":"B","s_prdt_ali":"BO","exch":["NSE","NFO","CDS","BSE"]}],"exch_prd":[{"exch":"NSE","prds":["C","I","H","B"]},{"exch":"NIPO","prds":["C"]},{"exch":"NFO","prds":["M","I","H","B"]},{"exch":"CDS","prds":["M","I","H","B"]},{"exch":"BSE","prds":["C","I","H","B"]},{"exch":"BCD","prds":["M","I"]},{"exch":"BSTAR","prds":["C"]},{"exch":"BFO","prds":["M","I"]}],"stat":"Ok","susertoken":"5216a41a878b62ff0129a906ccd832fdd969587459d8298f12a25bb8ff926184","susertokenspl":"55c34798d51b18ed4195f2e9d8fc30e7bb1ffa55e865110f3add8593e17b5358","email":"mailamiya@gmail.com","uid":"FA123166","brnchid":"HO","totp_set":"1","m_num":"7972222833","orarr":["MKT","LMT","SL-LMT","SL-MKT"],"exarr":["NSE","NIPO","NFO","CDS","BSE","BCD","BSTAR","BFO"],"values":["1"],"mws":{"1":[{"exch":"NSE","token":"19525","tsym":"IITL-EQ","cname":"INDUSTRIAL INV TRUST LTD","instname":"EQ","pp":"2","ls":"1","ti":"0.01"},{"exch":"NSE","token":"3672","tsym":"SOLARA-EQ","cname":"SOLARA ACTIVE PHA SCI LTD","instname":"EQ","pp":"2","ls":"1","ti":"0.05"},{"exch":"NSE","token":"12024","tsym":"ACI-EQ","cname":"ARCHEAN CHEMICAL IND LTD","instname":"EQ","pp":"2","ls":"1","ti":"0.05"},{"exch":"NSE","token":"13091","tsym":"EKC-EQ","cname":"EVEREST KANTO CYLINDERLTD","instname":"EQ","pp":"2","ls":"1","ti":"0.01"},{"exch":"NSE","token":"13725","tsym":"DCBBANK-EQ","cname":"DCB BANK LIMITED","instname":"EQ","pp":"2","ls":"1","ti":"0.01"},{"exch":"NSE","token":"17438","tsym":"OIL-EQ","cname":"OIL INDIA LTD","instname":"EQ","pp":"2","ls":"1","ti":"0.05"}]},"brkname":"FINV","dmsg":"","lastaccesstime":"1759089010","lastpwdtime":"1756871126"}
2025-09-29 01:20:10 IST - logging_setup - INFO - ✅ Broker login successful
2025-09-29 01:20:10 IST - logging_setup - INFO - 🚀 Starting Chartink Webhook Server...
2025-09-29 01:20:13 IST - werkzeug - INFO - 127.0.0.1 - - [28/Sep/2025 20:50:13] "[33mGET /health HTTP/1.1[0m" 404 -
